2023-02-11 16:08:16,832 DEBUG org.springframework.context.support.AbstractApplicationContext [main] Refreshing org.springframework.context.support.ClassPathXmlApplicationContext@5adb0db3
2023-02-11 16:08:17,032 DEBUG org.springframework.context.annotation.ClassPathScanningCandidateComponentProvider [main] Identified candidate component class: file [D:\code\spring6\spring6-aop\target\classes\com\atguigu\spring6_aop\annoaop\CalculatorImpl.class]
2023-02-11 16:08:17,034 DEBUG org.springframework.context.annotation.ClassPathScanningCandidateComponentProvider [main] Identified candidate component class: file [D:\code\spring6\spring6-aop\target\classes\com\atguigu\spring6_aop\annoaop\LogAspct.class]
2023-02-11 16:08:17,064 DEBUG org.springframework.beans.factory.xml.XmlBeanDefinitionReader [main] Loaded 8 bean definitions from class path resource [bean.xml]
2023-02-11 16:08:17,086 DEBUG org.springframework.beans.factory.support.DefaultSingletonBeanRegistry [main] Creating shared instance of singleton bean 'org.springframework.context.annotation.internalConfigurationAnnotationProcessor'
2023-02-11 16:08:17,120 DEBUG org.springframework.beans.factory.support.DefaultSingletonBeanRegistry [main] Creating shared instance of singleton bean 'org.springframework.context.event.internalEventListenerProcessor'
2023-02-11 16:08:17,122 DEBUG org.springframework.beans.factory.support.DefaultSingletonBeanRegistry [main] Creating shared instance of singleton bean 'org.springframework.context.event.internalEventListenerFactory'
2023-02-11 16:08:17,123 DEBUG org.springframework.beans.factory.support.DefaultSingletonBeanRegistry [main] Creating shared instance of singleton bean 'org.springframework.context.annotation.internalAutowiredAnnotationProcessor'
2023-02-11 16:08:17,125 DEBUG org.springframework.beans.factory.support.DefaultSingletonBeanRegistry [main] Creating shared instance of singleton bean 'org.springframework.context.annotation.internalCommonAnnotationProcessor'
2023-02-11 16:08:17,129 DEBUG org.springframework.beans.factory.support.DefaultSingletonBeanRegistry [main] Creating shared instance of singleton bean 'org.springframework.aop.config.internalAutoProxyCreator'
2023-02-11 16:08:17,181 DEBUG org.springframework.beans.factory.support.DefaultSingletonBeanRegistry [main] Creating shared instance of singleton bean 'calculatorImpl'
2023-02-11 16:08:17,203 DEBUG org.springframework.aop.aspectj.annotation.ReflectiveAspectJAdvisorFactory [main] Found AspectJ method: public void com.atguigu.spring6_aop.annoaop.LogAspct.beforeMethod()
2023-02-11 16:08:17,288 DEBUG org.springframework.beans.factory.support.DefaultSingletonBeanRegistry [main] Creating shared instance of singleton bean 'logAspct'
2023-02-11 16:09:39,822 DEBUG org.springframework.context.support.AbstractApplicationContext [main] Refreshing org.springframework.context.support.ClassPathXmlApplicationContext@5adb0db3
2023-02-11 16:09:40,001 DEBUG org.springframework.context.annotation.ClassPathScanningCandidateComponentProvider [main] Identified candidate component class: file [D:\code\spring6\spring6-aop\target\classes\com\atguigu\spring6_aop\annoaop\CalculatorImpl.class]
2023-02-11 16:09:40,002 DEBUG org.springframework.context.annotation.ClassPathScanningCandidateComponentProvider [main] Identified candidate component class: file [D:\code\spring6\spring6-aop\target\classes\com\atguigu\spring6_aop\annoaop\LogAspct.class]
2023-02-11 16:09:40,028 DEBUG org.springframework.beans.factory.xml.XmlBeanDefinitionReader [main] Loaded 8 bean definitions from class path resource [bean.xml]
2023-02-11 16:09:40,045 DEBUG org.springframework.beans.factory.support.DefaultSingletonBeanRegistry [main] Creating shared instance of singleton bean 'org.springframework.context.annotation.internalConfigurationAnnotationProcessor'
2023-02-11 16:09:40,073 DEBUG org.springframework.beans.factory.support.DefaultSingletonBeanRegistry [main] Creating shared instance of singleton bean 'org.springframework.context.event.internalEventListenerProcessor'
2023-02-11 16:09:40,076 DEBUG org.springframework.beans.factory.support.DefaultSingletonBeanRegistry [main] Creating shared instance of singleton bean 'org.springframework.context.event.internalEventListenerFactory'
2023-02-11 16:09:40,077 DEBUG org.springframework.beans.factory.support.DefaultSingletonBeanRegistry [main] Creating shared instance of singleton bean 'org.springframework.context.annotation.internalAutowiredAnnotationProcessor'
2023-02-11 16:09:40,080 DEBUG org.springframework.beans.factory.support.DefaultSingletonBeanRegistry [main] Creating shared instance of singleton bean 'org.springframework.context.annotation.internalCommonAnnotationProcessor'
2023-02-11 16:09:40,084 DEBUG org.springframework.beans.factory.support.DefaultSingletonBeanRegistry [main] Creating shared instance of singleton bean 'org.springframework.aop.config.internalAutoProxyCreator'
2023-02-11 16:09:40,130 DEBUG org.springframework.beans.factory.support.DefaultSingletonBeanRegistry [main] Creating shared instance of singleton bean 'calculatorImpl'
2023-02-11 16:09:40,150 DEBUG org.springframework.aop.aspectj.annotation.ReflectiveAspectJAdvisorFactory [main] Found AspectJ method: public void com.atguigu.spring6_aop.annoaop.LogAspct.beforeMethod()
2023-02-11 16:09:40,242 DEBUG org.springframework.beans.factory.support.DefaultSingletonBeanRegistry [main] Creating shared instance of singleton bean 'logAspct'
2023-02-11 16:10:17,024 DEBUG org.springframework.context.support.AbstractApplicationContext [main] Refreshing org.springframework.context.support.ClassPathXmlApplicationContext@5adb0db3
2023-02-11 16:10:17,231 DEBUG org.springframework.context.annotation.ClassPathScanningCandidateComponentProvider [main] Identified candidate component class: file [D:\code\spring6\spring6-aop\target\classes\com\atguigu\spring6_aop\annoaop\CalculatorImpl.class]
2023-02-11 16:10:17,232 DEBUG org.springframework.context.annotation.ClassPathScanningCandidateComponentProvider [main] Identified candidate component class: file [D:\code\spring6\spring6-aop\target\classes\com\atguigu\spring6_aop\annoaop\LogAspct.class]
2023-02-11 16:10:17,264 DEBUG org.springframework.beans.factory.xml.XmlBeanDefinitionReader [main] Loaded 8 bean definitions from class path resource [bean.xml]
2023-02-11 16:10:17,287 DEBUG org.springframework.beans.factory.support.DefaultSingletonBeanRegistry [main] Creating shared instance of singleton bean 'org.springframework.context.annotation.internalConfigurationAnnotationProcessor'
2023-02-11 16:10:17,324 DEBUG org.springframework.beans.factory.support.DefaultSingletonBeanRegistry [main] Creating shared instance of singleton bean 'org.springframework.context.event.internalEventListenerProcessor'
2023-02-11 16:10:17,326 DEBUG org.springframework.beans.factory.support.DefaultSingletonBeanRegistry [main] Creating shared instance of singleton bean 'org.springframework.context.event.internalEventListenerFactory'
2023-02-11 16:10:17,328 DEBUG org.springframework.beans.factory.support.DefaultSingletonBeanRegistry [main] Creating shared instance of singleton bean 'org.springframework.context.annotation.internalAutowiredAnnotationProcessor'
2023-02-11 16:10:17,330 DEBUG org.springframework.beans.factory.support.DefaultSingletonBeanRegistry [main] Creating shared instance of singleton bean 'org.springframework.context.annotation.internalCommonAnnotationProcessor'
2023-02-11 16:10:17,334 DEBUG org.springframework.beans.factory.support.DefaultSingletonBeanRegistry [main] Creating shared instance of singleton bean 'org.springframework.aop.config.internalAutoProxyCreator'
2023-02-11 16:10:17,378 DEBUG org.springframework.beans.factory.support.DefaultSingletonBeanRegistry [main] Creating shared instance of singleton bean 'calculatorImpl'
2023-02-11 16:10:17,396 DEBUG org.springframework.aop.aspectj.annotation.ReflectiveAspectJAdvisorFactory [main] Found AspectJ method: public void com.atguigu.spring6_aop.annoaop.LogAspct.beforeMethod()
2023-02-11 16:10:17,485 DEBUG org.springframework.beans.factory.support.DefaultSingletonBeanRegistry [main] Creating shared instance of singleton bean 'logAspct'
2023-02-11 16:11:07,965 DEBUG org.springframework.context.support.AbstractApplicationContext [main] Refreshing org.springframework.context.support.ClassPathXmlApplicationContext@5adb0db3
2023-02-11 16:11:08,142 DEBUG org.springframework.context.annotation.ClassPathScanningCandidateComponentProvider [main] Identified candidate component class: file [D:\code\spring6\spring6-aop\target\classes\com\atguigu\spring6_aop\annoaop\CalculatorImpl.class]
2023-02-11 16:11:08,144 DEBUG org.springframework.context.annotation.ClassPathScanningCandidateComponentProvider [main] Identified candidate component class: file [D:\code\spring6\spring6-aop\target\classes\com\atguigu\spring6_aop\annoaop\LogAspct.class]
2023-02-11 16:11:08,172 DEBUG org.springframework.beans.factory.xml.XmlBeanDefinitionReader [main] Loaded 8 bean definitions from class path resource [bean.xml]
2023-02-11 16:11:08,189 DEBUG org.springframework.beans.factory.support.DefaultSingletonBeanRegistry [main] Creating shared instance of singleton bean 'org.springframework.context.annotation.internalConfigurationAnnotationProcessor'
2023-02-11 16:11:08,220 DEBUG org.springframework.beans.factory.support.DefaultSingletonBeanRegistry [main] Creating shared instance of singleton bean 'org.springframework.context.event.internalEventListenerProcessor'
2023-02-11 16:11:08,223 DEBUG org.springframework.beans.factory.support.DefaultSingletonBeanRegistry [main] Creating shared instance of singleton bean 'org.springframework.context.event.internalEventListenerFactory'
2023-02-11 16:11:08,224 DEBUG org.springframework.beans.factory.support.DefaultSingletonBeanRegistry [main] Creating shared instance of singleton bean 'org.springframework.context.annotation.internalAutowiredAnnotationProcessor'
2023-02-11 16:11:08,226 DEBUG org.springframework.beans.factory.support.DefaultSingletonBeanRegistry [main] Creating shared instance of singleton bean 'org.springframework.context.annotation.internalCommonAnnotationProcessor'
2023-02-11 16:11:08,230 DEBUG org.springframework.beans.factory.support.DefaultSingletonBeanRegistry [main] Creating shared instance of singleton bean 'org.springframework.aop.config.internalAutoProxyCreator'
2023-02-11 16:11:08,275 DEBUG org.springframework.beans.factory.support.DefaultSingletonBeanRegistry [main] Creating shared instance of singleton bean 'calculatorImpl'
2023-02-11 16:11:08,293 DEBUG org.springframework.aop.aspectj.annotation.ReflectiveAspectJAdvisorFactory [main] Found AspectJ method: public void com.atguigu.spring6_aop.annoaop.LogAspct.beforeMethod()
2023-02-11 16:11:08,368 DEBUG org.springframework.beans.factory.support.DefaultSingletonBeanRegistry [main] Creating shared instance of singleton bean 'logAspct'
2023-02-11 16:38:45,014 DEBUG org.springframework.context.support.AbstractApplicationContext [main] Refreshing org.springframework.context.support.ClassPathXmlApplicationContext@5adb0db3
2023-02-11 16:38:45,195 DEBUG org.springframework.context.annotation.ClassPathScanningCandidateComponentProvider [main] Identified candidate component class: file [D:\code\spring6\spring6-aop\target\classes\com\atguigu\spring6_aop\annoaop\CalculatorImpl.class]
2023-02-11 16:38:45,197 DEBUG org.springframework.context.annotation.ClassPathScanningCandidateComponentProvider [main] Identified candidate component class: file [D:\code\spring6\spring6-aop\target\classes\com\atguigu\spring6_aop\annoaop\LogAspct.class]
2023-02-11 16:38:45,225 DEBUG org.springframework.beans.factory.xml.XmlBeanDefinitionReader [main] Loaded 8 bean definitions from class path resource [bean.xml]
2023-02-11 16:38:45,244 DEBUG org.springframework.beans.factory.support.DefaultSingletonBeanRegistry [main] Creating shared instance of singleton bean 'org.springframework.context.annotation.internalConfigurationAnnotationProcessor'
2023-02-11 16:38:45,273 DEBUG org.springframework.beans.factory.support.DefaultSingletonBeanRegistry [main] Creating shared instance of singleton bean 'org.springframework.context.event.internalEventListenerProcessor'
2023-02-11 16:38:45,275 DEBUG org.springframework.beans.factory.support.DefaultSingletonBeanRegistry [main] Creating shared instance of singleton bean 'org.springframework.context.event.internalEventListenerFactory'
2023-02-11 16:38:45,277 DEBUG org.springframework.beans.factory.support.DefaultSingletonBeanRegistry [main] Creating shared instance of singleton bean 'org.springframework.context.annotation.internalAutowiredAnnotationProcessor'
2023-02-11 16:38:45,278 DEBUG org.springframework.beans.factory.support.DefaultSingletonBeanRegistry [main] Creating shared instance of singleton bean 'org.springframework.context.annotation.internalCommonAnnotationProcessor'
2023-02-11 16:38:45,281 DEBUG org.springframework.beans.factory.support.DefaultSingletonBeanRegistry [main] Creating shared instance of singleton bean 'org.springframework.aop.config.internalAutoProxyCreator'
2023-02-11 16:38:45,325 DEBUG org.springframework.beans.factory.support.DefaultSingletonBeanRegistry [main] Creating shared instance of singleton bean 'calculatorImpl'
2023-02-11 16:40:06,806 DEBUG org.springframework.context.support.AbstractApplicationContext [main] Refreshing org.springframework.context.support.ClassPathXmlApplicationContext@5adb0db3
2023-02-11 16:40:06,983 DEBUG org.springframework.context.annotation.ClassPathScanningCandidateComponentProvider [main] Identified candidate component class: file [D:\code\spring6\spring6-aop\target\classes\com\atguigu\spring6_aop\annoaop\CalculatorImpl.class]
2023-02-11 16:40:06,985 DEBUG org.springframework.context.annotation.ClassPathScanningCandidateComponentProvider [main] Identified candidate component class: file [D:\code\spring6\spring6-aop\target\classes\com\atguigu\spring6_aop\annoaop\LogAspct.class]
2023-02-11 16:40:07,014 DEBUG org.springframework.beans.factory.xml.XmlBeanDefinitionReader [main] Loaded 8 bean definitions from class path resource [bean.xml]
2023-02-11 16:40:07,032 DEBUG org.springframework.beans.factory.support.DefaultSingletonBeanRegistry [main] Creating shared instance of singleton bean 'org.springframework.context.annotation.internalConfigurationAnnotationProcessor'
2023-02-11 16:40:07,061 DEBUG org.springframework.beans.factory.support.DefaultSingletonBeanRegistry [main] Creating shared instance of singleton bean 'org.springframework.context.event.internalEventListenerProcessor'
2023-02-11 16:40:07,063 DEBUG org.springframework.beans.factory.support.DefaultSingletonBeanRegistry [main] Creating shared instance of singleton bean 'org.springframework.context.event.internalEventListenerFactory'
2023-02-11 16:40:07,066 DEBUG org.springframework.beans.factory.support.DefaultSingletonBeanRegistry [main] Creating shared instance of singleton bean 'org.springframework.context.annotation.internalAutowiredAnnotationProcessor'
2023-02-11 16:40:07,067 DEBUG org.springframework.beans.factory.support.DefaultSingletonBeanRegistry [main] Creating shared instance of singleton bean 'org.springframework.context.annotation.internalCommonAnnotationProcessor'
2023-02-11 16:40:07,071 DEBUG org.springframework.beans.factory.support.DefaultSingletonBeanRegistry [main] Creating shared instance of singleton bean 'org.springframework.aop.config.internalAutoProxyCreator'
2023-02-11 16:40:07,116 DEBUG org.springframework.beans.factory.support.DefaultSingletonBeanRegistry [main] Creating shared instance of singleton bean 'calculatorImpl'
2023-02-11 16:40:39,065 DEBUG org.springframework.context.support.AbstractApplicationContext [main] Refreshing org.springframework.context.support.ClassPathXmlApplicationContext@5adb0db3
2023-02-11 16:40:39,235 DEBUG org.springframework.context.annotation.ClassPathScanningCandidateComponentProvider [main] Identified candidate component class: file [D:\code\spring6\spring6-aop\target\classes\com\atguigu\spring6_aop\annoaop\CalculatorImpl.class]
2023-02-11 16:40:39,237 DEBUG org.springframework.context.annotation.ClassPathScanningCandidateComponentProvider [main] Identified candidate component class: file [D:\code\spring6\spring6-aop\target\classes\com\atguigu\spring6_aop\annoaop\LogAspct.class]
2023-02-11 16:40:39,264 DEBUG org.springframework.beans.factory.xml.XmlBeanDefinitionReader [main] Loaded 8 bean definitions from class path resource [bean.xml]
2023-02-11 16:40:39,282 DEBUG org.springframework.beans.factory.support.DefaultSingletonBeanRegistry [main] Creating shared instance of singleton bean 'org.springframework.context.annotation.internalConfigurationAnnotationProcessor'
2023-02-11 16:40:39,310 DEBUG org.springframework.beans.factory.support.DefaultSingletonBeanRegistry [main] Creating shared instance of singleton bean 'org.springframework.context.event.internalEventListenerProcessor'
2023-02-11 16:40:39,313 DEBUG org.springframework.beans.factory.support.DefaultSingletonBeanRegistry [main] Creating shared instance of singleton bean 'org.springframework.context.event.internalEventListenerFactory'
2023-02-11 16:40:39,315 DEBUG org.springframework.beans.factory.support.DefaultSingletonBeanRegistry [main] Creating shared instance of singleton bean 'org.springframework.context.annotation.internalAutowiredAnnotationProcessor'
2023-02-11 16:40:39,317 DEBUG org.springframework.beans.factory.support.DefaultSingletonBeanRegistry [main] Creating shared instance of singleton bean 'org.springframework.context.annotation.internalCommonAnnotationProcessor'
2023-02-11 16:40:39,321 DEBUG org.springframework.beans.factory.support.DefaultSingletonBeanRegistry [main] Creating shared instance of singleton bean 'org.springframework.aop.config.internalAutoProxyCreator'
2023-02-11 16:40:39,363 DEBUG org.springframework.beans.factory.support.DefaultSingletonBeanRegistry [main] Creating shared instance of singleton bean 'calculatorImpl'
2023-02-11 16:40:39,380 DEBUG org.springframework.aop.aspectj.annotation.ReflectiveAspectJAdvisorFactory [main] Found AspectJ method: public void com.atguigu.spring6_aop.annoaop.LogAspct.beforeMethod(org.aspectj.lang.JoinPoint)
2023-02-11 16:40:39,381 DEBUG org.springframework.aop.aspectj.annotation.ReflectiveAspectJAdvisorFactory [main] Found AspectJ method: public void com.atguigu.spring6_aop.annoaop.LogAspct.afterMethod(org.aspectj.lang.JoinPoint)
2023-02-11 16:40:39,454 DEBUG org.springframework.beans.factory.support.DefaultSingletonBeanRegistry [main] Creating shared instance of singleton bean 'logAspct'
2023-02-11 16:41:18,812 DEBUG org.springframework.context.support.AbstractApplicationContext [main] Refreshing org.springframework.context.support.ClassPathXmlApplicationContext@5adb0db3
2023-02-11 16:41:18,985 DEBUG org.springframework.context.annotation.ClassPathScanningCandidateComponentProvider [main] Identified candidate component class: file [D:\code\spring6\spring6-aop\target\classes\com\atguigu\spring6_aop\annoaop\CalculatorImpl.class]
2023-02-11 16:41:18,987 DEBUG org.springframework.context.annotation.ClassPathScanningCandidateComponentProvider [main] Identified candidate component class: file [D:\code\spring6\spring6-aop\target\classes\com\atguigu\spring6_aop\annoaop\LogAspct.class]
2023-02-11 16:41:19,012 DEBUG org.springframework.beans.factory.xml.XmlBeanDefinitionReader [main] Loaded 8 bean definitions from class path resource [bean.xml]
2023-02-11 16:41:19,035 DEBUG org.springframework.beans.factory.support.DefaultSingletonBeanRegistry [main] Creating shared instance of singleton bean 'org.springframework.context.annotation.internalConfigurationAnnotationProcessor'
2023-02-11 16:41:19,065 DEBUG org.springframework.beans.factory.support.DefaultSingletonBeanRegistry [main] Creating shared instance of singleton bean 'org.springframework.context.event.internalEventListenerProcessor'
2023-02-11 16:41:19,068 DEBUG org.springframework.beans.factory.support.DefaultSingletonBeanRegistry [main] Creating shared instance of singleton bean 'org.springframework.context.event.internalEventListenerFactory'
2023-02-11 16:41:19,069 DEBUG org.springframework.beans.factory.support.DefaultSingletonBeanRegistry [main] Creating shared instance of singleton bean 'org.springframework.context.annotation.internalAutowiredAnnotationProcessor'
2023-02-11 16:41:19,070 DEBUG org.springframework.beans.factory.support.DefaultSingletonBeanRegistry [main] Creating shared instance of singleton bean 'org.springframework.context.annotation.internalCommonAnnotationProcessor'
2023-02-11 16:41:19,085 DEBUG org.springframework.beans.factory.support.DefaultSingletonBeanRegistry [main] Creating shared instance of singleton bean 'org.springframework.aop.config.internalAutoProxyCreator'
2023-02-11 16:41:19,127 DEBUG org.springframework.beans.factory.support.DefaultSingletonBeanRegistry [main] Creating shared instance of singleton bean 'calculatorImpl'
2023-02-11 16:41:19,146 DEBUG org.springframework.aop.aspectj.annotation.ReflectiveAspectJAdvisorFactory [main] Found AspectJ method: public void com.atguigu.spring6_aop.annoaop.LogAspct.beforeMethod(org.aspectj.lang.JoinPoint)
2023-02-11 16:41:19,147 DEBUG org.springframework.aop.aspectj.annotation.ReflectiveAspectJAdvisorFactory [main] Found AspectJ method: public void com.atguigu.spring6_aop.annoaop.LogAspct.afterMethod(org.aspectj.lang.JoinPoint)
2023-02-11 16:41:19,224 DEBUG org.springframework.beans.factory.support.DefaultSingletonBeanRegistry [main] Creating shared instance of singleton bean 'logAspct'
2023-02-11 16:43:28,619 DEBUG org.springframework.context.support.AbstractApplicationContext [main] Refreshing org.springframework.context.support.ClassPathXmlApplicationContext@5adb0db3
2023-02-11 16:43:28,788 DEBUG org.springframework.context.annotation.ClassPathScanningCandidateComponentProvider [main] Identified candidate component class: file [D:\code\spring6\spring6-aop\target\classes\com\atguigu\spring6_aop\annoaop\CalculatorImpl.class]
2023-02-11 16:43:28,790 DEBUG org.springframework.context.annotation.ClassPathScanningCandidateComponentProvider [main] Identified candidate component class: file [D:\code\spring6\spring6-aop\target\classes\com\atguigu\spring6_aop\annoaop\LogAspct.class]
2023-02-11 16:43:28,815 DEBUG org.springframework.beans.factory.xml.XmlBeanDefinitionReader [main] Loaded 8 bean definitions from class path resource [bean.xml]
2023-02-11 16:43:28,837 DEBUG org.springframework.beans.factory.support.DefaultSingletonBeanRegistry [main] Creating shared instance of singleton bean 'org.springframework.context.annotation.internalConfigurationAnnotationProcessor'
2023-02-11 16:43:28,866 DEBUG org.springframework.beans.factory.support.DefaultSingletonBeanRegistry [main] Creating shared instance of singleton bean 'org.springframework.context.event.internalEventListenerProcessor'
2023-02-11 16:43:28,868 DEBUG org.springframework.beans.factory.support.DefaultSingletonBeanRegistry [main] Creating shared instance of singleton bean 'org.springframework.context.event.internalEventListenerFactory'
2023-02-11 16:43:28,870 DEBUG org.springframework.beans.factory.support.DefaultSingletonBeanRegistry [main] Creating shared instance of singleton bean 'org.springframework.context.annotation.internalAutowiredAnnotationProcessor'
2023-02-11 16:43:28,873 DEBUG org.springframework.beans.factory.support.DefaultSingletonBeanRegistry [main] Creating shared instance of singleton bean 'org.springframework.context.annotation.internalCommonAnnotationProcessor'
2023-02-11 16:43:28,877 DEBUG org.springframework.beans.factory.support.DefaultSingletonBeanRegistry [main] Creating shared instance of singleton bean 'org.springframework.aop.config.internalAutoProxyCreator'
2023-02-11 16:43:28,920 DEBUG org.springframework.beans.factory.support.DefaultSingletonBeanRegistry [main] Creating shared instance of singleton bean 'calculatorImpl'
2023-02-11 16:43:28,936 DEBUG org.springframework.aop.aspectj.annotation.ReflectiveAspectJAdvisorFactory [main] Found AspectJ method: public void com.atguigu.spring6_aop.annoaop.LogAspct.beforeMethod(org.aspectj.lang.JoinPoint)
2023-02-11 16:43:28,937 DEBUG org.springframework.aop.aspectj.annotation.ReflectiveAspectJAdvisorFactory [main] Found AspectJ method: public void com.atguigu.spring6_aop.annoaop.LogAspct.afterMethod(org.aspectj.lang.JoinPoint)
2023-02-11 16:43:29,014 DEBUG org.springframework.beans.factory.support.DefaultSingletonBeanRegistry [main] Creating shared instance of singleton bean 'logAspct'
2023-02-11 16:44:15,728 DEBUG org.springframework.context.support.AbstractApplicationContext [main] Refreshing org.springframework.context.support.ClassPathXmlApplicationContext@5adb0db3
2023-02-11 16:44:15,901 DEBUG org.springframework.context.annotation.ClassPathScanningCandidateComponentProvider [main] Identified candidate component class: file [D:\code\spring6\spring6-aop\target\classes\com\atguigu\spring6_aop\annoaop\CalculatorImpl.class]
2023-02-11 16:44:15,903 DEBUG org.springframework.context.annotation.ClassPathScanningCandidateComponentProvider [main] Identified candidate component class: file [D:\code\spring6\spring6-aop\target\classes\com\atguigu\spring6_aop\annoaop\LogAspct.class]
2023-02-11 16:44:15,930 DEBUG org.springframework.beans.factory.xml.XmlBeanDefinitionReader [main] Loaded 8 bean definitions from class path resource [bean.xml]
2023-02-11 16:44:15,949 DEBUG org.springframework.beans.factory.support.DefaultSingletonBeanRegistry [main] Creating shared instance of singleton bean 'org.springframework.context.annotation.internalConfigurationAnnotationProcessor'
2023-02-11 16:44:15,978 DEBUG org.springframework.beans.factory.support.DefaultSingletonBeanRegistry [main] Creating shared instance of singleton bean 'org.springframework.context.event.internalEventListenerProcessor'
2023-02-11 16:44:15,980 DEBUG org.springframework.beans.factory.support.DefaultSingletonBeanRegistry [main] Creating shared instance of singleton bean 'org.springframework.context.event.internalEventListenerFactory'
2023-02-11 16:44:15,982 DEBUG org.springframework.beans.factory.support.DefaultSingletonBeanRegistry [main] Creating shared instance of singleton bean 'org.springframework.context.annotation.internalAutowiredAnnotationProcessor'
2023-02-11 16:44:15,984 DEBUG org.springframework.beans.factory.support.DefaultSingletonBeanRegistry [main] Creating shared instance of singleton bean 'org.springframework.context.annotation.internalCommonAnnotationProcessor'
2023-02-11 16:44:15,989 DEBUG org.springframework.beans.factory.support.DefaultSingletonBeanRegistry [main] Creating shared instance of singleton bean 'org.springframework.aop.config.internalAutoProxyCreator'
2023-02-11 16:44:16,033 DEBUG org.springframework.beans.factory.support.DefaultSingletonBeanRegistry [main] Creating shared instance of singleton bean 'calculatorImpl'
2023-02-11 16:44:16,052 DEBUG org.springframework.aop.aspectj.annotation.ReflectiveAspectJAdvisorFactory [main] Found AspectJ method: public void com.atguigu.spring6_aop.annoaop.LogAspct.beforeMethod(org.aspectj.lang.JoinPoint)
2023-02-11 16:44:16,053 DEBUG org.springframework.aop.aspectj.annotation.ReflectiveAspectJAdvisorFactory [main] Found AspectJ method: public void com.atguigu.spring6_aop.annoaop.LogAspct.afterMethod(org.aspectj.lang.JoinPoint)
2023-02-11 16:44:16,129 DEBUG org.springframework.beans.factory.support.DefaultSingletonBeanRegistry [main] Creating shared instance of singleton bean 'logAspct'
2023-02-11 16:50:27,518 DEBUG org.springframework.context.support.AbstractApplicationContext [main] Refreshing org.springframework.context.support.ClassPathXmlApplicationContext@5adb0db3
2023-02-11 16:50:27,719 DEBUG org.springframework.context.annotation.ClassPathScanningCandidateComponentProvider [main] Identified candidate component class: file [D:\code\spring6\spring6-aop\target\classes\com\atguigu\spring6_aop\annoaop\CalculatorImpl.class]
2023-02-11 16:50:27,721 DEBUG org.springframework.context.annotation.ClassPathScanningCandidateComponentProvider [main] Identified candidate component class: file [D:\code\spring6\spring6-aop\target\classes\com\atguigu\spring6_aop\annoaop\LogAspct.class]
2023-02-11 16:50:27,750 DEBUG org.springframework.beans.factory.xml.XmlBeanDefinitionReader [main] Loaded 8 bean definitions from class path resource [bean.xml]
2023-02-11 16:50:27,773 DEBUG org.springframework.beans.factory.support.DefaultSingletonBeanRegistry [main] Creating shared instance of singleton bean 'org.springframework.context.annotation.internalConfigurationAnnotationProcessor'
2023-02-11 16:50:27,807 DEBUG org.springframework.beans.factory.support.DefaultSingletonBeanRegistry [main] Creating shared instance of singleton bean 'org.springframework.context.event.internalEventListenerProcessor'
2023-02-11 16:50:27,809 DEBUG org.springframework.beans.factory.support.DefaultSingletonBeanRegistry [main] Creating shared instance of singleton bean 'org.springframework.context.event.internalEventListenerFactory'
2023-02-11 16:50:27,811 DEBUG org.springframework.beans.factory.support.DefaultSingletonBeanRegistry [main] Creating shared instance of singleton bean 'org.springframework.context.annotation.internalAutowiredAnnotationProcessor'
2023-02-11 16:50:27,813 DEBUG org.springframework.beans.factory.support.DefaultSingletonBeanRegistry [main] Creating shared instance of singleton bean 'org.springframework.context.annotation.internalCommonAnnotationProcessor'
2023-02-11 16:50:27,817 DEBUG org.springframework.beans.factory.support.DefaultSingletonBeanRegistry [main] Creating shared instance of singleton bean 'org.springframework.aop.config.internalAutoProxyCreator'
2023-02-11 16:50:27,867 DEBUG org.springframework.beans.factory.support.DefaultSingletonBeanRegistry [main] Creating shared instance of singleton bean 'calculatorImpl'
2023-02-11 16:50:27,889 DEBUG org.springframework.aop.aspectj.annotation.ReflectiveAspectJAdvisorFactory [main] Found AspectJ method: public void com.atguigu.spring6_aop.annoaop.LogAspct.beforeMethod(org.aspectj.lang.JoinPoint)
2023-02-11 16:50:27,891 DEBUG org.springframework.aop.aspectj.annotation.ReflectiveAspectJAdvisorFactory [main] Found AspectJ method: public void com.atguigu.spring6_aop.annoaop.LogAspct.afterMethod(org.aspectj.lang.JoinPoint)
2023-02-11 16:50:27,893 DEBUG org.springframework.aop.aspectj.annotation.ReflectiveAspectJAdvisorFactory [main] Found AspectJ method: public void com.atguigu.spring6_aop.annoaop.LogAspct.afterReturningMethod(org.aspectj.lang.JoinPoint,java.lang.Object)
2023-02-11 16:50:27,980 DEBUG org.springframework.beans.factory.support.DefaultSingletonBeanRegistry [main] Creating shared instance of singleton bean 'logAspct'
2023-02-11 16:53:10,690 DEBUG org.springframework.context.support.AbstractApplicationContext [main] Refreshing org.springframework.context.support.ClassPathXmlApplicationContext@5adb0db3
2023-02-11 16:53:10,863 DEBUG org.springframework.context.annotation.ClassPathScanningCandidateComponentProvider [main] Identified candidate component class: file [D:\code\spring6\spring6-aop\target\classes\com\atguigu\spring6_aop\annoaop\CalculatorImpl.class]
2023-02-11 16:53:10,866 DEBUG org.springframework.context.annotation.ClassPathScanningCandidateComponentProvider [main] Identified candidate component class: file [D:\code\spring6\spring6-aop\target\classes\com\atguigu\spring6_aop\annoaop\LogAspct.class]
2023-02-11 16:53:10,891 DEBUG org.springframework.beans.factory.xml.XmlBeanDefinitionReader [main] Loaded 8 bean definitions from class path resource [bean.xml]
2023-02-11 16:53:10,909 DEBUG org.springframework.beans.factory.support.DefaultSingletonBeanRegistry [main] Creating shared instance of singleton bean 'org.springframework.context.annotation.internalConfigurationAnnotationProcessor'
2023-02-11 16:53:10,938 DEBUG org.springframework.beans.factory.support.DefaultSingletonBeanRegistry [main] Creating shared instance of singleton bean 'org.springframework.context.event.internalEventListenerProcessor'
2023-02-11 16:53:10,940 DEBUG org.springframework.beans.factory.support.DefaultSingletonBeanRegistry [main] Creating shared instance of singleton bean 'org.springframework.context.event.internalEventListenerFactory'
2023-02-11 16:53:10,942 DEBUG org.springframework.beans.factory.support.DefaultSingletonBeanRegistry [main] Creating shared instance of singleton bean 'org.springframework.context.annotation.internalAutowiredAnnotationProcessor'
2023-02-11 16:53:10,943 DEBUG org.springframework.beans.factory.support.DefaultSingletonBeanRegistry [main] Creating shared instance of singleton bean 'org.springframework.context.annotation.internalCommonAnnotationProcessor'
2023-02-11 16:53:10,948 DEBUG org.springframework.beans.factory.support.DefaultSingletonBeanRegistry [main] Creating shared instance of singleton bean 'org.springframework.aop.config.internalAutoProxyCreator'
2023-02-11 16:53:10,992 DEBUG org.springframework.beans.factory.support.DefaultSingletonBeanRegistry [main] Creating shared instance of singleton bean 'calculatorImpl'
2023-02-11 16:53:11,017 DEBUG org.springframework.aop.aspectj.annotation.ReflectiveAspectJAdvisorFactory [main] Found AspectJ method: public void com.atguigu.spring6_aop.annoaop.LogAspct.afterReturningMethod(org.aspectj.lang.JoinPoint)
2023-02-11 16:53:11,019 DEBUG org.springframework.aop.aspectj.annotation.ReflectiveAspectJAdvisorFactory [main] Found AspectJ method: public void com.atguigu.spring6_aop.annoaop.LogAspct.beforeMethod(org.aspectj.lang.JoinPoint)
2023-02-11 16:53:11,020 DEBUG org.springframework.aop.aspectj.annotation.ReflectiveAspectJAdvisorFactory [main] Found AspectJ method: public void com.atguigu.spring6_aop.annoaop.LogAspct.afterMethod(org.aspectj.lang.JoinPoint)
2023-02-11 16:53:11,021 DEBUG org.springframework.aop.aspectj.annotation.ReflectiveAspectJAdvisorFactory [main] Found AspectJ method: public void com.atguigu.spring6_aop.annoaop.LogAspct.afterReturningMethod(org.aspectj.lang.JoinPoint,java.lang.Object)
2023-02-11 16:53:11,029 DEBUG org.springframework.aop.aspectj.annotation.ReflectiveAspectJAdvisorFactory [main] Found AspectJ method: public void com.atguigu.spring6_aop.annoaop.LogAspct.afterReturningMethod(org.aspectj.lang.JoinPoint,java.lang.Throwable)
2023-02-11 16:53:11,106 DEBUG org.springframework.beans.factory.support.DefaultSingletonBeanRegistry [main] Creating shared instance of singleton bean 'logAspct'
2023-02-11 17:00:16,218 DEBUG org.springframework.context.support.AbstractApplicationContext [main] Refreshing org.springframework.context.support.ClassPathXmlApplicationContext@5adb0db3
2023-02-11 17:00:16,391 DEBUG org.springframework.context.annotation.ClassPathScanningCandidateComponentProvider [main] Identified candidate component class: file [D:\code\spring6\spring6-aop\target\classes\com\atguigu\spring6_aop\annoaop\CalculatorImpl.class]
2023-02-11 17:00:16,394 DEBUG org.springframework.context.annotation.ClassPathScanningCandidateComponentProvider [main] Identified candidate component class: file [D:\code\spring6\spring6-aop\target\classes\com\atguigu\spring6_aop\annoaop\LogAspct.class]
2023-02-11 17:00:16,421 DEBUG org.springframework.beans.factory.xml.XmlBeanDefinitionReader [main] Loaded 8 bean definitions from class path resource [bean.xml]
2023-02-11 17:00:16,439 DEBUG org.springframework.beans.factory.support.DefaultSingletonBeanRegistry [main] Creating shared instance of singleton bean 'org.springframework.context.annotation.internalConfigurationAnnotationProcessor'
2023-02-11 17:00:16,470 DEBUG org.springframework.beans.factory.support.DefaultSingletonBeanRegistry [main] Creating shared instance of singleton bean 'org.springframework.context.event.internalEventListenerProcessor'
2023-02-11 17:00:16,472 DEBUG org.springframework.beans.factory.support.DefaultSingletonBeanRegistry [main] Creating shared instance of singleton bean 'org.springframework.context.event.internalEventListenerFactory'
2023-02-11 17:00:16,474 DEBUG org.springframework.beans.factory.support.DefaultSingletonBeanRegistry [main] Creating shared instance of singleton bean 'org.springframework.context.annotation.internalAutowiredAnnotationProcessor'
2023-02-11 17:00:16,485 DEBUG org.springframework.beans.factory.support.DefaultSingletonBeanRegistry [main] Creating shared instance of singleton bean 'org.springframework.context.annotation.internalCommonAnnotationProcessor'
2023-02-11 17:00:16,489 DEBUG org.springframework.beans.factory.support.DefaultSingletonBeanRegistry [main] Creating shared instance of singleton bean 'org.springframework.aop.config.internalAutoProxyCreator'
2023-02-11 17:00:16,534 DEBUG org.springframework.beans.factory.support.DefaultSingletonBeanRegistry [main] Creating shared instance of singleton bean 'calculatorImpl'
2023-02-11 17:00:16,557 DEBUG org.springframework.aop.aspectj.annotation.ReflectiveAspectJAdvisorFactory [main] Found AspectJ method: public void com.atguigu.spring6_aop.annoaop.LogAspct.afterReturningMethod(org.aspectj.lang.ProceedingJoinPoint)
2023-02-11 17:00:16,558 DEBUG org.springframework.aop.aspectj.annotation.ReflectiveAspectJAdvisorFactory [main] Found AspectJ method: public void com.atguigu.spring6_aop.annoaop.LogAspct.beforeMethod(org.aspectj.lang.JoinPoint)
2023-02-11 17:00:16,559 DEBUG org.springframework.aop.aspectj.annotation.ReflectiveAspectJAdvisorFactory [main] Found AspectJ method: public void com.atguigu.spring6_aop.annoaop.LogAspct.afterMethod(org.aspectj.lang.JoinPoint)
2023-02-11 17:00:16,560 DEBUG org.springframework.aop.aspectj.annotation.ReflectiveAspectJAdvisorFactory [main] Found AspectJ method: public void com.atguigu.spring6_aop.annoaop.LogAspct.afterReturningMethod(org.aspectj.lang.JoinPoint,java.lang.Object)
2023-02-11 17:00:16,568 DEBUG org.springframework.aop.aspectj.annotation.ReflectiveAspectJAdvisorFactory [main] Found AspectJ method: public void com.atguigu.spring6_aop.annoaop.LogAspct.afterReturningMethod(org.aspectj.lang.JoinPoint,java.lang.Throwable)
2023-02-11 17:00:16,647 DEBUG org.springframework.beans.factory.support.DefaultSingletonBeanRegistry [main] Creating shared instance of singleton bean 'logAspct'
2023-02-11 17:01:36,386 DEBUG org.springframework.context.support.AbstractApplicationContext [main] Refreshing org.springframework.context.support.ClassPathXmlApplicationContext@5adb0db3
2023-02-11 17:01:36,556 DEBUG org.springframework.context.annotation.ClassPathScanningCandidateComponentProvider [main] Identified candidate component class: file [D:\code\spring6\spring6-aop\target\classes\com\atguigu\spring6_aop\annoaop\CalculatorImpl.class]
2023-02-11 17:01:36,560 DEBUG org.springframework.context.annotation.ClassPathScanningCandidateComponentProvider [main] Identified candidate component class: file [D:\code\spring6\spring6-aop\target\classes\com\atguigu\spring6_aop\annoaop\LogAspct.class]
2023-02-11 17:01:36,586 DEBUG org.springframework.beans.factory.xml.XmlBeanDefinitionReader [main] Loaded 8 bean definitions from class path resource [bean.xml]
2023-02-11 17:01:36,604 DEBUG org.springframework.beans.factory.support.DefaultSingletonBeanRegistry [main] Creating shared instance of singleton bean 'org.springframework.context.annotation.internalConfigurationAnnotationProcessor'
2023-02-11 17:01:36,635 DEBUG org.springframework.beans.factory.support.DefaultSingletonBeanRegistry [main] Creating shared instance of singleton bean 'org.springframework.context.event.internalEventListenerProcessor'
2023-02-11 17:01:36,637 DEBUG org.springframework.beans.factory.support.DefaultSingletonBeanRegistry [main] Creating shared instance of singleton bean 'org.springframework.context.event.internalEventListenerFactory'
2023-02-11 17:01:36,648 DEBUG org.springframework.beans.factory.support.DefaultSingletonBeanRegistry [main] Creating shared instance of singleton bean 'org.springframework.context.annotation.internalAutowiredAnnotationProcessor'
2023-02-11 17:01:36,650 DEBUG org.springframework.beans.factory.support.DefaultSingletonBeanRegistry [main] Creating shared instance of singleton bean 'org.springframework.context.annotation.internalCommonAnnotationProcessor'
2023-02-11 17:01:36,653 DEBUG org.springframework.beans.factory.support.DefaultSingletonBeanRegistry [main] Creating shared instance of singleton bean 'org.springframework.aop.config.internalAutoProxyCreator'
2023-02-11 17:01:36,698 DEBUG org.springframework.beans.factory.support.DefaultSingletonBeanRegistry [main] Creating shared instance of singleton bean 'calculatorImpl'
2023-02-11 17:01:36,720 DEBUG org.springframework.aop.aspectj.annotation.ReflectiveAspectJAdvisorFactory [main] Found AspectJ method: public void com.atguigu.spring6_aop.annoaop.LogAspct.afterReturningMethod(org.aspectj.lang.ProceedingJoinPoint)
2023-02-11 17:01:36,722 DEBUG org.springframework.aop.aspectj.annotation.ReflectiveAspectJAdvisorFactory [main] Found AspectJ method: public void com.atguigu.spring6_aop.annoaop.LogAspct.beforeMethod(org.aspectj.lang.JoinPoint)
2023-02-11 17:01:36,723 DEBUG org.springframework.aop.aspectj.annotation.ReflectiveAspectJAdvisorFactory [main] Found AspectJ method: public void com.atguigu.spring6_aop.annoaop.LogAspct.afterMethod(org.aspectj.lang.JoinPoint)
2023-02-11 17:01:36,724 DEBUG org.springframework.aop.aspectj.annotation.ReflectiveAspectJAdvisorFactory [main] Found AspectJ method: public void com.atguigu.spring6_aop.annoaop.LogAspct.afterReturningMethod(org.aspectj.lang.JoinPoint,java.lang.Object)
2023-02-11 17:01:36,731 DEBUG org.springframework.aop.aspectj.annotation.ReflectiveAspectJAdvisorFactory [main] Found AspectJ method: public void com.atguigu.spring6_aop.annoaop.LogAspct.afterReturningMethod(org.aspectj.lang.JoinPoint,java.lang.Throwable)
2023-02-11 17:01:36,809 DEBUG org.springframework.beans.factory.support.DefaultSingletonBeanRegistry [main] Creating shared instance of singleton bean 'logAspct'
2023-02-11 17:02:00,311 DEBUG org.springframework.context.support.AbstractApplicationContext [main] Refreshing org.springframework.context.support.ClassPathXmlApplicationContext@5adb0db3
2023-02-11 17:02:00,485 DEBUG org.springframework.context.annotation.ClassPathScanningCandidateComponentProvider [main] Identified candidate component class: file [D:\code\spring6\spring6-aop\target\classes\com\atguigu\spring6_aop\annoaop\CalculatorImpl.class]
2023-02-11 17:02:00,489 DEBUG org.springframework.context.annotation.ClassPathScanningCandidateComponentProvider [main] Identified candidate component class: file [D:\code\spring6\spring6-aop\target\classes\com\atguigu\spring6_aop\annoaop\LogAspct.class]
2023-02-11 17:02:00,516 DEBUG org.springframework.beans.factory.xml.XmlBeanDefinitionReader [main] Loaded 8 bean definitions from class path resource [bean.xml]
2023-02-11 17:02:00,535 DEBUG org.springframework.beans.factory.support.DefaultSingletonBeanRegistry [main] Creating shared instance of singleton bean 'org.springframework.context.annotation.internalConfigurationAnnotationProcessor'
2023-02-11 17:02:00,564 DEBUG org.springframework.beans.factory.support.DefaultSingletonBeanRegistry [main] Creating shared instance of singleton bean 'org.springframework.context.event.internalEventListenerProcessor'
2023-02-11 17:02:00,577 DEBUG org.springframework.beans.factory.support.DefaultSingletonBeanRegistry [main] Creating shared instance of singleton bean 'org.springframework.context.event.internalEventListenerFactory'
2023-02-11 17:02:00,579 DEBUG org.springframework.beans.factory.support.DefaultSingletonBeanRegistry [main] Creating shared instance of singleton bean 'org.springframework.context.annotation.internalAutowiredAnnotationProcessor'
2023-02-11 17:02:00,580 DEBUG org.springframework.beans.factory.support.DefaultSingletonBeanRegistry [main] Creating shared instance of singleton bean 'org.springframework.context.annotation.internalCommonAnnotationProcessor'
2023-02-11 17:02:00,585 DEBUG org.springframework.beans.factory.support.DefaultSingletonBeanRegistry [main] Creating shared instance of singleton bean 'org.springframework.aop.config.internalAutoProxyCreator'
2023-02-11 17:02:00,627 DEBUG org.springframework.beans.factory.support.DefaultSingletonBeanRegistry [main] Creating shared instance of singleton bean 'calculatorImpl'
2023-02-11 17:02:00,647 DEBUG org.springframework.aop.aspectj.annotation.ReflectiveAspectJAdvisorFactory [main] Found AspectJ method: public void com.atguigu.spring6_aop.annoaop.LogAspct.afterReturningMethod(org.aspectj.lang.ProceedingJoinPoint)
2023-02-11 17:02:00,649 DEBUG org.springframework.aop.aspectj.annotation.ReflectiveAspectJAdvisorFactory [main] Found AspectJ method: public void com.atguigu.spring6_aop.annoaop.LogAspct.beforeMethod(org.aspectj.lang.JoinPoint)
2023-02-11 17:02:00,650 DEBUG org.springframework.aop.aspectj.annotation.ReflectiveAspectJAdvisorFactory [main] Found AspectJ method: public void com.atguigu.spring6_aop.annoaop.LogAspct.afterMethod(org.aspectj.lang.JoinPoint)
2023-02-11 17:02:00,651 DEBUG org.springframework.aop.aspectj.annotation.ReflectiveAspectJAdvisorFactory [main] Found AspectJ method: public void com.atguigu.spring6_aop.annoaop.LogAspct.afterReturningMethod(org.aspectj.lang.JoinPoint,java.lang.Object)
2023-02-11 17:02:00,659 DEBUG org.springframework.aop.aspectj.annotation.ReflectiveAspectJAdvisorFactory [main] Found AspectJ method: public void com.atguigu.spring6_aop.annoaop.LogAspct.afterReturningMethod(org.aspectj.lang.JoinPoint,java.lang.Throwable)
2023-02-11 17:02:00,738 DEBUG org.springframework.beans.factory.support.DefaultSingletonBeanRegistry [main] Creating shared instance of singleton bean 'logAspct'
2023-02-11 17:04:06,358 DEBUG org.springframework.context.support.AbstractApplicationContext [main] Refreshing org.springframework.context.support.ClassPathXmlApplicationContext@5adb0db3
2023-02-11 17:04:06,530 DEBUG org.springframework.context.annotation.ClassPathScanningCandidateComponentProvider [main] Identified candidate component class: file [D:\code\spring6\spring6-aop\target\classes\com\atguigu\spring6_aop\annoaop\CalculatorImpl.class]
2023-02-11 17:04:06,534 DEBUG org.springframework.context.annotation.ClassPathScanningCandidateComponentProvider [main] Identified candidate component class: file [D:\code\spring6\spring6-aop\target\classes\com\atguigu\spring6_aop\annoaop\LogAspct.class]
2023-02-11 17:04:06,560 DEBUG org.springframework.beans.factory.xml.XmlBeanDefinitionReader [main] Loaded 8 bean definitions from class path resource [bean.xml]
2023-02-11 17:04:06,579 DEBUG org.springframework.beans.factory.support.DefaultSingletonBeanRegistry [main] Creating shared instance of singleton bean 'org.springframework.context.annotation.internalConfigurationAnnotationProcessor'
2023-02-11 17:04:06,607 DEBUG org.springframework.beans.factory.support.DefaultSingletonBeanRegistry [main] Creating shared instance of singleton bean 'org.springframework.context.event.internalEventListenerProcessor'
2023-02-11 17:04:06,609 DEBUG org.springframework.beans.factory.support.DefaultSingletonBeanRegistry [main] Creating shared instance of singleton bean 'org.springframework.context.event.internalEventListenerFactory'
2023-02-11 17:04:06,610 DEBUG org.springframework.beans.factory.support.DefaultSingletonBeanRegistry [main] Creating shared instance of singleton bean 'org.springframework.context.annotation.internalAutowiredAnnotationProcessor'
2023-02-11 17:04:06,612 DEBUG org.springframework.beans.factory.support.DefaultSingletonBeanRegistry [main] Creating shared instance of singleton bean 'org.springframework.context.annotation.internalCommonAnnotationProcessor'
2023-02-11 17:04:06,617 DEBUG org.springframework.beans.factory.support.DefaultSingletonBeanRegistry [main] Creating shared instance of singleton bean 'org.springframework.aop.config.internalAutoProxyCreator'
2023-02-11 17:04:06,665 DEBUG org.springframework.beans.factory.support.DefaultSingletonBeanRegistry [main] Creating shared instance of singleton bean 'calculatorImpl'
2023-02-11 17:04:06,690 DEBUG org.springframework.aop.aspectj.annotation.ReflectiveAspectJAdvisorFactory [main] Found AspectJ method: public void com.atguigu.spring6_aop.annoaop.LogAspct.afterReturningMethod(org.aspectj.lang.ProceedingJoinPoint)
2023-02-11 17:04:06,692 DEBUG org.springframework.aop.aspectj.annotation.ReflectiveAspectJAdvisorFactory [main] Found AspectJ method: public void com.atguigu.spring6_aop.annoaop.LogAspct.beforeMethod(org.aspectj.lang.JoinPoint)
2023-02-11 17:04:06,693 DEBUG org.springframework.aop.aspectj.annotation.ReflectiveAspectJAdvisorFactory [main] Found AspectJ method: public void com.atguigu.spring6_aop.annoaop.LogAspct.afterMethod(org.aspectj.lang.JoinPoint)
2023-02-11 17:04:06,694 DEBUG org.springframework.aop.aspectj.annotation.ReflectiveAspectJAdvisorFactory [main] Found AspectJ method: public void com.atguigu.spring6_aop.annoaop.LogAspct.afterReturningMethod(org.aspectj.lang.JoinPoint,java.lang.Object)
2023-02-11 17:04:06,703 DEBUG org.springframework.aop.aspectj.annotation.ReflectiveAspectJAdvisorFactory [main] Found AspectJ method: public void com.atguigu.spring6_aop.annoaop.LogAspct.afterReturningMethod(org.aspectj.lang.JoinPoint,java.lang.Throwable)
2023-02-11 17:04:06,780 DEBUG org.springframework.beans.factory.support.DefaultSingletonBeanRegistry [main] Creating shared instance of singleton bean 'logAspct'
2023-02-11 17:06:11,055 DEBUG org.springframework.context.support.AbstractApplicationContext [main] Refreshing org.springframework.context.support.ClassPathXmlApplicationContext@5adb0db3
2023-02-11 17:06:11,233 DEBUG org.springframework.context.annotation.ClassPathScanningCandidateComponentProvider [main] Identified candidate component class: file [D:\code\spring6\spring6-aop\target\classes\com\atguigu\spring6_aop\annoaop\CalculatorImpl.class]
2023-02-11 17:06:11,236 DEBUG org.springframework.context.annotation.ClassPathScanningCandidateComponentProvider [main] Identified candidate component class: file [D:\code\spring6\spring6-aop\target\classes\com\atguigu\spring6_aop\annoaop\LogAspct.class]
2023-02-11 17:06:11,272 DEBUG org.springframework.beans.factory.xml.XmlBeanDefinitionReader [main] Loaded 8 bean definitions from class path resource [bean.xml]
2023-02-11 17:06:11,290 DEBUG org.springframework.beans.factory.support.DefaultSingletonBeanRegistry [main] Creating shared instance of singleton bean 'org.springframework.context.annotation.internalConfigurationAnnotationProcessor'
2023-02-11 17:06:11,322 DEBUG org.springframework.beans.factory.support.DefaultSingletonBeanRegistry [main] Creating shared instance of singleton bean 'org.springframework.context.event.internalEventListenerProcessor'
2023-02-11 17:06:11,324 DEBUG org.springframework.beans.factory.support.DefaultSingletonBeanRegistry [main] Creating shared instance of singleton bean 'org.springframework.context.event.internalEventListenerFactory'
2023-02-11 17:06:11,324 DEBUG org.springframework.beans.factory.support.DefaultSingletonBeanRegistry [main] Creating shared instance of singleton bean 'org.springframework.context.annotation.internalAutowiredAnnotationProcessor'
2023-02-11 17:06:11,326 DEBUG org.springframework.beans.factory.support.DefaultSingletonBeanRegistry [main] Creating shared instance of singleton bean 'org.springframework.context.annotation.internalCommonAnnotationProcessor'
2023-02-11 17:06:11,330 DEBUG org.springframework.beans.factory.support.DefaultSingletonBeanRegistry [main] Creating shared instance of singleton bean 'org.springframework.aop.config.internalAutoProxyCreator'
2023-02-11 17:06:11,370 DEBUG org.springframework.beans.factory.support.DefaultSingletonBeanRegistry [main] Creating shared instance of singleton bean 'calculatorImpl'
2023-02-11 17:06:11,394 DEBUG org.springframework.aop.aspectj.annotation.ReflectiveAspectJAdvisorFactory [main] Found AspectJ method: public java.lang.Object com.atguigu.spring6_aop.annoaop.LogAspct.afterReturningMethod(org.aspectj.lang.ProceedingJoinPoint)
2023-02-11 17:06:11,396 DEBUG org.springframework.aop.aspectj.annotation.ReflectiveAspectJAdvisorFactory [main] Found AspectJ method: public void com.atguigu.spring6_aop.annoaop.LogAspct.beforeMethod(org.aspectj.lang.JoinPoint)
2023-02-11 17:06:11,397 DEBUG org.springframework.aop.aspectj.annotation.ReflectiveAspectJAdvisorFactory [main] Found AspectJ method: public void com.atguigu.spring6_aop.annoaop.LogAspct.afterMethod(org.aspectj.lang.JoinPoint)
2023-02-11 17:06:11,398 DEBUG org.springframework.aop.aspectj.annotation.ReflectiveAspectJAdvisorFactory [main] Found AspectJ method: public void com.atguigu.spring6_aop.annoaop.LogAspct.afterReturningMethod(org.aspectj.lang.JoinPoint,java.lang.Object)
2023-02-11 17:06:11,408 DEBUG org.springframework.aop.aspectj.annotation.ReflectiveAspectJAdvisorFactory [main] Found AspectJ method: public void com.atguigu.spring6_aop.annoaop.LogAspct.afterReturningMethod(org.aspectj.lang.JoinPoint,java.lang.Throwable)
2023-02-11 17:06:11,491 DEBUG org.springframework.beans.factory.support.DefaultSingletonBeanRegistry [main] Creating shared instance of singleton bean 'logAspct'
2023-02-11 17:07:08,422 DEBUG org.springframework.context.support.AbstractApplicationContext [main] Refreshing org.springframework.context.support.ClassPathXmlApplicationContext@5adb0db3
2023-02-11 17:07:08,596 DEBUG org.springframework.context.annotation.ClassPathScanningCandidateComponentProvider [main] Identified candidate component class: file [D:\code\spring6\spring6-aop\target\classes\com\atguigu\spring6_aop\annoaop\CalculatorImpl.class]
2023-02-11 17:07:08,610 DEBUG org.springframework.context.annotation.ClassPathScanningCandidateComponentProvider [main] Identified candidate component class: file [D:\code\spring6\spring6-aop\target\classes\com\atguigu\spring6_aop\annoaop\LogAspct.class]
2023-02-11 17:07:08,638 DEBUG org.springframework.beans.factory.xml.XmlBeanDefinitionReader [main] Loaded 8 bean definitions from class path resource [bean.xml]
2023-02-11 17:07:08,658 DEBUG org.springframework.beans.factory.support.DefaultSingletonBeanRegistry [main] Creating shared instance of singleton bean 'org.springframework.context.annotation.internalConfigurationAnnotationProcessor'
2023-02-11 17:07:08,689 DEBUG org.springframework.beans.factory.support.DefaultSingletonBeanRegistry [main] Creating shared instance of singleton bean 'org.springframework.context.event.internalEventListenerProcessor'
2023-02-11 17:07:08,690 DEBUG org.springframework.beans.factory.support.DefaultSingletonBeanRegistry [main] Creating shared instance of singleton bean 'org.springframework.context.event.internalEventListenerFactory'
2023-02-11 17:07:08,692 DEBUG org.springframework.beans.factory.support.DefaultSingletonBeanRegistry [main] Creating shared instance of singleton bean 'org.springframework.context.annotation.internalAutowiredAnnotationProcessor'
2023-02-11 17:07:08,694 DEBUG org.springframework.beans.factory.support.DefaultSingletonBeanRegistry [main] Creating shared instance of singleton bean 'org.springframework.context.annotation.internalCommonAnnotationProcessor'
2023-02-11 17:07:08,698 DEBUG org.springframework.beans.factory.support.DefaultSingletonBeanRegistry [main] Creating shared instance of singleton bean 'org.springframework.aop.config.internalAutoProxyCreator'
2023-02-11 17:07:08,741 DEBUG org.springframework.beans.factory.support.DefaultSingletonBeanRegistry [main] Creating shared instance of singleton bean 'calculatorImpl'
2023-02-11 17:07:08,766 DEBUG org.springframework.aop.aspectj.annotation.ReflectiveAspectJAdvisorFactory [main] Found AspectJ method: public java.lang.Object com.atguigu.spring6_aop.annoaop.LogAspct.afterReturningMethod(org.aspectj.lang.ProceedingJoinPoint)
2023-02-11 17:07:08,767 DEBUG org.springframework.aop.aspectj.annotation.ReflectiveAspectJAdvisorFactory [main] Found AspectJ method: public void com.atguigu.spring6_aop.annoaop.LogAspct.beforeMethod(org.aspectj.lang.JoinPoint)
2023-02-11 17:07:08,768 DEBUG org.springframework.aop.aspectj.annotation.ReflectiveAspectJAdvisorFactory [main] Found AspectJ method: public void com.atguigu.spring6_aop.annoaop.LogAspct.afterMethod(org.aspectj.lang.JoinPoint)
2023-02-11 17:07:08,769 DEBUG org.springframework.aop.aspectj.annotation.ReflectiveAspectJAdvisorFactory [main] Found AspectJ method: public void com.atguigu.spring6_aop.annoaop.LogAspct.afterReturningMethod(org.aspectj.lang.JoinPoint,java.lang.Object)
2023-02-11 17:07:08,777 DEBUG org.springframework.aop.aspectj.annotation.ReflectiveAspectJAdvisorFactory [main] Found AspectJ method: public void com.atguigu.spring6_aop.annoaop.LogAspct.afterReturningMethod(org.aspectj.lang.JoinPoint,java.lang.Throwable)
2023-02-11 17:07:08,857 DEBUG org.springframework.beans.factory.support.DefaultSingletonBeanRegistry [main] Creating shared instance of singleton bean 'logAspct'
2023-02-11 17:09:25,118 DEBUG org.springframework.context.support.AbstractApplicationContext [main] Refreshing org.springframework.context.support.ClassPathXmlApplicationContext@5adb0db3
2023-02-11 17:09:25,312 DEBUG org.springframework.context.annotation.ClassPathScanningCandidateComponentProvider [main] Identified candidate component class: file [D:\code\spring6\spring6-aop\target\classes\com\atguigu\spring6_aop\annoaop\CalculatorImpl.class]
2023-02-11 17:09:25,315 DEBUG org.springframework.context.annotation.ClassPathScanningCandidateComponentProvider [main] Identified candidate component class: file [D:\code\spring6\spring6-aop\target\classes\com\atguigu\spring6_aop\annoaop\LogAspct.class]
2023-02-11 17:09:25,349 DEBUG org.springframework.beans.factory.xml.XmlBeanDefinitionReader [main] Loaded 8 bean definitions from class path resource [bean.xml]
2023-02-11 17:09:25,370 DEBUG org.springframework.beans.factory.support.DefaultSingletonBeanRegistry [main] Creating shared instance of singleton bean 'org.springframework.context.annotation.internalConfigurationAnnotationProcessor'
2023-02-11 17:09:25,400 DEBUG org.springframework.beans.factory.support.DefaultSingletonBeanRegistry [main] Creating shared instance of singleton bean 'org.springframework.context.event.internalEventListenerProcessor'
2023-02-11 17:09:25,402 DEBUG org.springframework.beans.factory.support.DefaultSingletonBeanRegistry [main] Creating shared instance of singleton bean 'org.springframework.context.event.internalEventListenerFactory'
2023-02-11 17:09:25,403 DEBUG org.springframework.beans.factory.support.DefaultSingletonBeanRegistry [main] Creating shared instance of singleton bean 'org.springframework.context.annotation.internalAutowiredAnnotationProcessor'
2023-02-11 17:09:25,405 DEBUG org.springframework.beans.factory.support.DefaultSingletonBeanRegistry [main] Creating shared instance of singleton bean 'org.springframework.context.annotation.internalCommonAnnotationProcessor'
2023-02-11 17:09:25,410 DEBUG org.springframework.beans.factory.support.DefaultSingletonBeanRegistry [main] Creating shared instance of singleton bean 'org.springframework.aop.config.internalAutoProxyCreator'
2023-02-11 17:09:25,456 DEBUG org.springframework.beans.factory.support.DefaultSingletonBeanRegistry [main] Creating shared instance of singleton bean 'calculatorImpl'
2023-02-11 17:09:25,479 DEBUG org.springframework.aop.aspectj.annotation.ReflectiveAspectJAdvisorFactory [main] Found AspectJ method: public void com.atguigu.spring6_aop.annoaop.LogAspct.beforeMethod(org.aspectj.lang.JoinPoint)
2023-02-11 17:09:25,481 DEBUG org.springframework.aop.aspectj.annotation.ReflectiveAspectJAdvisorFactory [main] Found AspectJ method: public void com.atguigu.spring6_aop.annoaop.LogAspct.afterMethod(org.aspectj.lang.JoinPoint)
2023-02-11 17:09:25,482 DEBUG org.springframework.aop.aspectj.annotation.ReflectiveAspectJAdvisorFactory [main] Found AspectJ method: public void com.atguigu.spring6_aop.annoaop.LogAspct.afterReturningMethod(org.aspectj.lang.JoinPoint,java.lang.Object)
2023-02-11 17:09:25,492 DEBUG org.springframework.aop.aspectj.annotation.ReflectiveAspectJAdvisorFactory [main] Found AspectJ method: public void com.atguigu.spring6_aop.annoaop.LogAspct.afterReturningMethod(org.aspectj.lang.JoinPoint,java.lang.Throwable)
2023-02-11 17:09:25,572 DEBUG org.springframework.beans.factory.support.DefaultSingletonBeanRegistry [main] Creating shared instance of singleton bean 'logAspct'
2023-02-11 17:10:16,621 DEBUG org.springframework.context.support.AbstractApplicationContext [main] Refreshing org.springframework.context.support.ClassPathXmlApplicationContext@5adb0db3
2023-02-11 17:10:16,799 DEBUG org.springframework.context.annotation.ClassPathScanningCandidateComponentProvider [main] Identified candidate component class: file [D:\code\spring6\spring6-aop\target\classes\com\atguigu\spring6_aop\annoaop\CalculatorImpl.class]
2023-02-11 17:10:16,803 DEBUG org.springframework.context.annotation.ClassPathScanningCandidateComponentProvider [main] Identified candidate component class: file [D:\code\spring6\spring6-aop\target\classes\com\atguigu\spring6_aop\annoaop\LogAspct.class]
2023-02-11 17:10:16,829 DEBUG org.springframework.beans.factory.xml.XmlBeanDefinitionReader [main] Loaded 8 bean definitions from class path resource [bean.xml]
2023-02-11 17:10:16,847 DEBUG org.springframework.beans.factory.support.DefaultSingletonBeanRegistry [main] Creating shared instance of singleton bean 'org.springframework.context.annotation.internalConfigurationAnnotationProcessor'
2023-02-11 17:10:16,878 DEBUG org.springframework.beans.factory.support.DefaultSingletonBeanRegistry [main] Creating shared instance of singleton bean 'org.springframework.context.event.internalEventListenerProcessor'
2023-02-11 17:10:16,880 DEBUG org.springframework.beans.factory.support.DefaultSingletonBeanRegistry [main] Creating shared instance of singleton bean 'org.springframework.context.event.internalEventListenerFactory'
2023-02-11 17:10:16,881 DEBUG org.springframework.beans.factory.support.DefaultSingletonBeanRegistry [main] Creating shared instance of singleton bean 'org.springframework.context.annotation.internalAutowiredAnnotationProcessor'
2023-02-11 17:10:16,883 DEBUG org.springframework.beans.factory.support.DefaultSingletonBeanRegistry [main] Creating shared instance of singleton bean 'org.springframework.context.annotation.internalCommonAnnotationProcessor'
2023-02-11 17:10:16,887 DEBUG org.springframework.beans.factory.support.DefaultSingletonBeanRegistry [main] Creating shared instance of singleton bean 'org.springframework.aop.config.internalAutoProxyCreator'
2023-02-11 17:10:16,928 DEBUG org.springframework.beans.factory.support.DefaultSingletonBeanRegistry [main] Creating shared instance of singleton bean 'calculatorImpl'
2023-02-11 17:10:16,951 DEBUG org.springframework.aop.aspectj.annotation.ReflectiveAspectJAdvisorFactory [main] Found AspectJ method: public java.lang.Object com.atguigu.spring6_aop.annoaop.LogAspct.afterReturningMethod(org.aspectj.lang.ProceedingJoinPoint)
2023-02-11 17:10:16,952 DEBUG org.springframework.aop.aspectj.annotation.ReflectiveAspectJAdvisorFactory [main] Found AspectJ method: public void com.atguigu.spring6_aop.annoaop.LogAspct.beforeMethod(org.aspectj.lang.JoinPoint)
2023-02-11 17:10:16,953 DEBUG org.springframework.aop.aspectj.annotation.ReflectiveAspectJAdvisorFactory [main] Found AspectJ method: public void com.atguigu.spring6_aop.annoaop.LogAspct.afterMethod(org.aspectj.lang.JoinPoint)
2023-02-11 17:10:16,954 DEBUG org.springframework.aop.aspectj.annotation.ReflectiveAspectJAdvisorFactory [main] Found AspectJ method: public void com.atguigu.spring6_aop.annoaop.LogAspct.afterReturningMethod(org.aspectj.lang.JoinPoint,java.lang.Object)
2023-02-11 17:10:16,962 DEBUG org.springframework.aop.aspectj.annotation.ReflectiveAspectJAdvisorFactory [main] Found AspectJ method: public void com.atguigu.spring6_aop.annoaop.LogAspct.afterReturningMethod(org.aspectj.lang.JoinPoint,java.lang.Throwable)
2023-02-11 17:10:17,045 DEBUG org.springframework.beans.factory.support.DefaultSingletonBeanRegistry [main] Creating shared instance of singleton bean 'logAspct'
2023-02-11 18:45:54,041 DEBUG org.springframework.context.support.AbstractApplicationContext [main] Refreshing org.springframework.context.support.ClassPathXmlApplicationContext@5adb0db3
2023-02-11 18:45:54,223 DEBUG org.springframework.context.annotation.ClassPathScanningCandidateComponentProvider [main] Identified candidate component class: file [D:\code\spring6\spring6-aop\target\classes\com\atguigu\spring6_aop\annoaop\CalculatorImpl.class]
2023-02-11 18:45:54,227 DEBUG org.springframework.context.annotation.ClassPathScanningCandidateComponentProvider [main] Identified candidate component class: file [D:\code\spring6\spring6-aop\target\classes\com\atguigu\spring6_aop\annoaop\LogAspct.class]
2023-02-11 18:45:54,229 DEBUG org.springframework.context.annotation.ClassPathScanningCandidateComponentProvider [main] Identified candidate component class: file [D:\code\spring6\spring6-aop\target\classes\com\atguigu\spring6_aop\xmlaop\CalculatorImpl.class]
2023-02-11 18:45:54,230 DEBUG org.springframework.context.annotation.ClassPathScanningCandidateComponentProvider [main] Identified candidate component class: file [D:\code\spring6\spring6-aop\target\classes\com\atguigu\spring6_aop\xmlaop\LogAspct.class]
2023-02-11 18:46:20,527 DEBUG org.springframework.context.support.AbstractApplicationContext [main] Refreshing org.springframework.context.support.ClassPathXmlApplicationContext@5adb0db3
2023-02-11 18:46:20,706 DEBUG org.springframework.context.annotation.ClassPathScanningCandidateComponentProvider [main] Identified candidate component class: file [D:\code\spring6\spring6-aop\target\classes\com\atguigu\spring6_aop\annoaop\CalculatorImpl.class]
2023-02-11 18:46:20,710 DEBUG org.springframework.context.annotation.ClassPathScanningCandidateComponentProvider [main] Identified candidate component class: file [D:\code\spring6\spring6-aop\target\classes\com\atguigu\spring6_aop\annoaop\LogAspct.class]
2023-02-11 18:46:20,713 DEBUG org.springframework.context.annotation.ClassPathScanningCandidateComponentProvider [main] Identified candidate component class: file [D:\code\spring6\spring6-aop\target\classes\com\atguigu\spring6_aop\xmlaop\CalculatorImpl.class]
2023-02-11 18:46:20,714 DEBUG org.springframework.context.annotation.ClassPathScanningCandidateComponentProvider [main] Identified candidate component class: file [D:\code\spring6\spring6-aop\target\classes\com\atguigu\spring6_aop\xmlaop\LogAspct.class]
2023-02-11 18:47:40,948 DEBUG org.springframework.context.support.AbstractApplicationContext [main] Refreshing org.springframework.context.support.ClassPathXmlApplicationContext@5adb0db3
2023-02-11 18:47:41,128 DEBUG org.springframework.context.annotation.ClassPathScanningCandidateComponentProvider [main] Identified candidate component class: file [D:\code\spring6\spring6-aop\target\classes\com\atguigu\spring6_aop\xmlaop\CalculatorImpl.class]
2023-02-11 18:47:41,129 DEBUG org.springframework.context.annotation.ClassPathScanningCandidateComponentProvider [main] Identified candidate component class: file [D:\code\spring6\spring6-aop\target\classes\com\atguigu\spring6_aop\xmlaop\LogAspct.class]
2023-02-11 18:47:41,166 DEBUG org.springframework.beans.factory.xml.XmlBeanDefinitionReader [main] Loaded 14 bean definitions from class path resource [bean-aop.xml]
2023-02-11 18:47:41,186 DEBUG org.springframework.beans.factory.support.DefaultSingletonBeanRegistry [main] Creating shared instance of singleton bean 'org.springframework.context.annotation.internalConfigurationAnnotationProcessor'
2023-02-11 18:47:41,226 DEBUG org.springframework.beans.factory.support.DefaultSingletonBeanRegistry [main] Creating shared instance of singleton bean 'org.springframework.context.event.internalEventListenerProcessor'
2023-02-11 18:47:41,228 DEBUG org.springframework.beans.factory.support.DefaultSingletonBeanRegistry [main] Creating shared instance of singleton bean 'org.springframework.context.event.internalEventListenerFactory'
2023-02-11 18:47:41,230 DEBUG org.springframework.beans.factory.support.DefaultSingletonBeanRegistry [main] Creating shared instance of singleton bean 'org.springframework.context.annotation.internalAutowiredAnnotationProcessor'
2023-02-11 18:47:41,231 DEBUG org.springframework.beans.factory.support.DefaultSingletonBeanRegistry [main] Creating shared instance of singleton bean 'org.springframework.context.annotation.internalCommonAnnotationProcessor'
2023-02-11 18:47:41,235 DEBUG org.springframework.beans.factory.support.DefaultSingletonBeanRegistry [main] Creating shared instance of singleton bean 'org.springframework.aop.config.internalAutoProxyCreator'
2023-02-11 18:47:41,269 DEBUG org.springframework.beans.factory.support.DefaultSingletonBeanRegistry [main] Creating shared instance of singleton bean 'calculatorImpl'
2023-02-11 18:47:41,270 DEBUG org.springframework.beans.factory.support.DefaultSingletonBeanRegistry [main] Creating shared instance of singleton bean 'org.springframework.aop.aspectj.AspectJPointcutAdvisor#0'
2023-02-11 18:47:41,345 DEBUG org.springframework.beans.factory.support.DefaultSingletonBeanRegistry [main] Creating shared instance of singleton bean 'org.springframework.aop.aspectj.AspectJPointcutAdvisor#1'
2023-02-11 18:47:41,349 DEBUG org.springframework.beans.factory.support.DefaultSingletonBeanRegistry [main] Creating shared instance of singleton bean 'org.springframework.aop.aspectj.AspectJPointcutAdvisor#2'
2023-02-11 18:47:41,356 DEBUG org.springframework.beans.factory.support.DefaultSingletonBeanRegistry [main] Creating shared instance of singleton bean 'org.springframework.aop.aspectj.AspectJPointcutAdvisor#3'
2023-02-11 18:47:41,361 DEBUG org.springframework.beans.factory.support.DefaultSingletonBeanRegistry [main] Creating shared instance of singleton bean 'org.springframework.aop.aspectj.AspectJPointcutAdvisor#4'
2023-02-11 18:47:41,387 DEBUG org.springframework.beans.factory.support.DefaultSingletonBeanRegistry [main] Creating shared instance of singleton bean 'logAspct'
2023-02-11 18:47:53,107 DEBUG org.springframework.context.support.AbstractApplicationContext [main] Refreshing org.springframework.context.support.ClassPathXmlApplicationContext@5adb0db3
2023-02-11 18:47:53,288 DEBUG org.springframework.context.annotation.ClassPathScanningCandidateComponentProvider [main] Identified candidate component class: file [D:\code\spring6\spring6-aop\target\classes\com\atguigu\spring6_aop\annoaop\CalculatorImpl.class]
2023-02-11 18:47:53,293 DEBUG org.springframework.context.annotation.ClassPathScanningCandidateComponentProvider [main] Identified candidate component class: file [D:\code\spring6\spring6-aop\target\classes\com\atguigu\spring6_aop\annoaop\LogAspct.class]
2023-02-11 18:47:53,318 DEBUG org.springframework.beans.factory.xml.XmlBeanDefinitionReader [main] Loaded 8 bean definitions from class path resource [bean.xml]
2023-02-11 18:47:53,337 DEBUG org.springframework.beans.factory.support.DefaultSingletonBeanRegistry [main] Creating shared instance of singleton bean 'org.springframework.context.annotation.internalConfigurationAnnotationProcessor'
2023-02-11 18:47:53,370 DEBUG org.springframework.beans.factory.support.DefaultSingletonBeanRegistry [main] Creating shared instance of singleton bean 'org.springframework.context.event.internalEventListenerProcessor'
2023-02-11 18:47:53,373 DEBUG org.springframework.beans.factory.support.DefaultSingletonBeanRegistry [main] Creating shared instance of singleton bean 'org.springframework.context.event.internalEventListenerFactory'
2023-02-11 18:47:53,384 DEBUG org.springframework.beans.factory.support.DefaultSingletonBeanRegistry [main] Creating shared instance of singleton bean 'org.springframework.context.annotation.internalAutowiredAnnotationProcessor'
2023-02-11 18:47:53,387 DEBUG org.springframework.beans.factory.support.DefaultSingletonBeanRegistry [main] Creating shared instance of singleton bean 'org.springframework.context.annotation.internalCommonAnnotationProcessor'
2023-02-11 18:47:53,390 DEBUG org.springframework.beans.factory.support.DefaultSingletonBeanRegistry [main] Creating shared instance of singleton bean 'org.springframework.aop.config.internalAutoProxyCreator'
2023-02-11 18:47:53,436 DEBUG org.springframework.beans.factory.support.DefaultSingletonBeanRegistry [main] Creating shared instance of singleton bean 'calculatorImpl'
2023-02-11 18:47:53,462 DEBUG org.springframework.aop.aspectj.annotation.ReflectiveAspectJAdvisorFactory [main] Found AspectJ method: public java.lang.Object com.atguigu.spring6_aop.annoaop.LogAspct.aroundMethod(org.aspectj.lang.ProceedingJoinPoint)
2023-02-11 18:47:53,464 DEBUG org.springframework.aop.aspectj.annotation.ReflectiveAspectJAdvisorFactory [main] Found AspectJ method: public void com.atguigu.spring6_aop.annoaop.LogAspct.beforeMethod(org.aspectj.lang.JoinPoint)
2023-02-11 18:47:53,465 DEBUG org.springframework.aop.aspectj.annotation.ReflectiveAspectJAdvisorFactory [main] Found AspectJ method: public void com.atguigu.spring6_aop.annoaop.LogAspct.afterMethod(org.aspectj.lang.JoinPoint)
2023-02-11 18:47:53,466 DEBUG org.springframework.aop.aspectj.annotation.ReflectiveAspectJAdvisorFactory [main] Found AspectJ method: public void com.atguigu.spring6_aop.annoaop.LogAspct.afterReturningMethod(org.aspectj.lang.JoinPoint,java.lang.Object)
2023-02-11 18:47:53,477 DEBUG org.springframework.aop.aspectj.annotation.ReflectiveAspectJAdvisorFactory [main] Found AspectJ method: public void com.atguigu.spring6_aop.annoaop.LogAspct.afterThrowingMethod(org.aspectj.lang.JoinPoint,java.lang.Throwable)
2023-02-11 18:47:53,572 DEBUG org.springframework.beans.factory.support.DefaultSingletonBeanRegistry [main] Creating shared instance of singleton bean 'logAspct'
