2023-02-09 09:10:45,027 DEBUG org.springframework.context.support.AbstractApplicationContext [main] Refreshing org.springframework.context.support.ClassPathXmlApplicationContext@6127a7e
2023-02-09 09:10:45,223 DEBUG org.springframework.context.annotation.ClassPathScanningCandidateComponentProvider [main] Identified candidate component class: file [D:\code\spring6\spring6-ioc-annotation\target\classes\github\com\zcg\spring6_ioc_annotation\autowired\controller\UserController.class]
2023-02-09 09:10:45,225 DEBUG org.springframework.context.annotation.ClassPathScanningCandidateComponentProvider [main] Identified candidate component class: file [D:\code\spring6\spring6-ioc-annotation\target\classes\github\com\zcg\spring6_ioc_annotation\autowired\dao\UserDaoImpl.class]
2023-02-09 09:10:45,225 DEBUG org.springframework.context.annotation.ClassPathScanningCandidateComponentProvider [main] Identified candidate component class: file [D:\code\spring6\spring6-ioc-annotation\target\classes\github\com\zcg\spring6_ioc_annotation\autowired\dao\UserRedisDaoImpl.class]
2023-02-09 09:10:45,227 DEBUG org.springframework.context.annotation.ClassPathScanningCandidateComponentProvider [main] Identified candidate component class: file [D:\code\spring6\spring6-ioc-annotation\target\classes\github\com\zcg\spring6_ioc_annotation\autowired\service\UserServiceImpl.class]
2023-02-09 09:10:45,228 DEBUG org.springframework.context.annotation.ClassPathScanningCandidateComponentProvider [main] Identified candidate component class: file [D:\code\spring6\spring6-ioc-annotation\target\classes\github\com\zcg\spring6_ioc_annotation\bean\User.class]
2023-02-09 09:10:45,228 DEBUG org.springframework.context.annotation.ClassPathScanningCandidateComponentProvider [main] Identified candidate component class: file [D:\code\spring6\spring6-ioc-annotation\target\classes\github\com\zcg\spring6_ioc_annotation\resource\controller\UserController.class]
2023-02-09 09:10:45,230 DEBUG org.springframework.context.annotation.ClassPathScanningCandidateComponentProvider [main] Identified candidate component class: file [D:\code\spring6\spring6-ioc-annotation\target\classes\github\com\zcg\spring6_ioc_annotation\resource\dao\UserDaoImpl.class]
2023-02-09 09:10:45,230 DEBUG org.springframework.context.annotation.ClassPathScanningCandidateComponentProvider [main] Identified candidate component class: file [D:\code\spring6\spring6-ioc-annotation\target\classes\github\com\zcg\spring6_ioc_annotation\resource\dao\UserRedisDaoImpl.class]
2023-02-09 09:10:45,232 DEBUG org.springframework.context.annotation.ClassPathScanningCandidateComponentProvider [main] Identified candidate component class: file [D:\code\spring6\spring6-ioc-annotation\target\classes\github\com\zcg\spring6_ioc_annotation\resource\service\UserServiceImpl.class]
2023-02-09 09:10:45,256 DEBUG org.springframework.context.annotation.ClassPathScanningCandidateComponentProvider [main] Identified candidate component class: file [D:\code\spring6\spring6-ioc-annotation\target\classes\github\com\zcg\spring6_ioc_annotation\autowired\dao\UserDaoImpl.class]
2023-02-09 09:10:45,257 DEBUG org.springframework.context.annotation.ClassPathScanningCandidateComponentProvider [main] Identified candidate component class: file [D:\code\spring6\spring6-ioc-annotation\target\classes\github\com\zcg\spring6_ioc_annotation\autowired\dao\UserRedisDaoImpl.class]
2023-02-09 09:10:45,258 DEBUG org.springframework.context.annotation.ClassPathScanningCandidateComponentProvider [main] Identified candidate component class: file [D:\code\spring6\spring6-ioc-annotation\target\classes\github\com\zcg\spring6_ioc_annotation\autowired\service\UserServiceImpl.class]
2023-02-09 09:10:45,258 DEBUG org.springframework.context.annotation.ClassPathScanningCandidateComponentProvider [main] Identified candidate component class: file [D:\code\spring6\spring6-ioc-annotation\target\classes\github\com\zcg\spring6_ioc_annotation\bean\User.class]
2023-02-09 09:10:45,259 DEBUG org.springframework.context.annotation.ClassPathScanningCandidateComponentProvider [main] Identified candidate component class: file [D:\code\spring6\spring6-ioc-annotation\target\classes\github\com\zcg\spring6_ioc_annotation\resource\dao\UserDaoImpl.class]
2023-02-09 09:10:45,259 DEBUG org.springframework.context.annotation.ClassPathScanningCandidateComponentProvider [main] Identified candidate component class: file [D:\code\spring6\spring6-ioc-annotation\target\classes\github\com\zcg\spring6_ioc_annotation\resource\dao\UserRedisDaoImpl.class]
2023-02-09 09:10:45,260 DEBUG org.springframework.context.annotation.ClassPathScanningCandidateComponentProvider [main] Identified candidate component class: file [D:\code\spring6\spring6-ioc-annotation\target\classes\github\com\zcg\spring6_ioc_annotation\resource\service\UserServiceImpl.class]
2023-02-09 09:10:45,264 DEBUG org.springframework.beans.factory.xml.XmlBeanDefinitionReader [main] Loaded 14 bean definitions from class path resource [bean.xml]
2023-02-09 09:10:45,288 DEBUG org.springframework.beans.factory.support.DefaultSingletonBeanRegistry [main] Creating shared instance of singleton bean 'org.springframework.context.annotation.internalConfigurationAnnotationProcessor'
2023-02-09 09:10:45,324 DEBUG org.springframework.beans.factory.support.DefaultSingletonBeanRegistry [main] Creating shared instance of singleton bean 'org.springframework.context.event.internalEventListenerProcessor'
2023-02-09 09:10:45,326 DEBUG org.springframework.beans.factory.support.DefaultSingletonBeanRegistry [main] Creating shared instance of singleton bean 'org.springframework.context.event.internalEventListenerFactory'
2023-02-09 09:10:45,327 DEBUG org.springframework.beans.factory.support.DefaultSingletonBeanRegistry [main] Creating shared instance of singleton bean 'org.springframework.context.annotation.internalAutowiredAnnotationProcessor'
2023-02-09 09:10:45,329 DEBUG org.springframework.beans.factory.support.DefaultSingletonBeanRegistry [main] Creating shared instance of singleton bean 'org.springframework.context.annotation.internalCommonAnnotationProcessor'
2023-02-09 09:10:45,338 DEBUG org.springframework.beans.factory.support.DefaultSingletonBeanRegistry [main] Creating shared instance of singleton bean 'userController'
2023-02-09 09:10:45,346 WARN org.springframework.core.LocalVariableTableParameterNameDiscoverer [main] Using deprecated '-debug' fallback for parameter name resolution. Compile the affected code with '-parameters' instead or avoid its introspection: github.com.zcg.spring6_ioc_annotation.autowired.controller.UserController
2023-02-09 09:10:45,356 DEBUG org.springframework.beans.factory.support.DefaultSingletonBeanRegistry [main] Creating shared instance of singleton bean 'userServiceImpl'
2023-02-09 09:10:45,369 DEBUG org.springframework.beans.factory.support.DefaultSingletonBeanRegistry [main] Creating shared instance of singleton bean 'userRedisDaoImpl'
2023-02-09 09:10:45,371 DEBUG org.springframework.beans.factory.support.ConstructorResolver [main] Autowiring by type from bean name 'userController' via constructor to bean named 'userServiceImpl'
2023-02-09 09:10:45,373 DEBUG org.springframework.beans.factory.support.DefaultSingletonBeanRegistry [main] Creating shared instance of singleton bean 'userDaoImpl'
2023-02-09 09:10:45,373 DEBUG org.springframework.beans.factory.support.DefaultSingletonBeanRegistry [main] Creating shared instance of singleton bean 'user'
2023-02-09 09:10:45,374 DEBUG org.springframework.beans.factory.support.DefaultSingletonBeanRegistry [main] Creating shared instance of singleton bean 'myUserController'
2023-02-09 09:10:45,376 DEBUG org.springframework.beans.factory.support.DefaultSingletonBeanRegistry [main] Creating shared instance of singleton bean 'myUserService'
2023-02-09 09:10:45,378 DEBUG org.springframework.beans.factory.support.DefaultSingletonBeanRegistry [main] Creating shared instance of singleton bean 'myUserDao'
2023-02-09 09:10:45,379 DEBUG org.springframework.beans.factory.support.DefaultSingletonBeanRegistry [main] Creating shared instance of singleton bean 'myUserRedisDao'
2023-02-09 09:10:45,395 INFO github.com.zcg.spring6_ioc_annotation.bean.test.TestController [main] 执行成功
2023-02-09 09:13:43,698 DEBUG org.springframework.context.support.AbstractApplicationContext [main] Refreshing org.springframework.context.support.ClassPathXmlApplicationContext@6127a7e
2023-02-09 09:13:43,883 DEBUG org.springframework.context.annotation.ClassPathScanningCandidateComponentProvider [main] Identified candidate component class: file [D:\code\spring6\spring6-ioc-annotation\target\classes\github\com\zcg\spring6_ioc_annotation\autowired\controller\UserController.class]
2023-02-09 09:13:43,885 DEBUG org.springframework.context.annotation.ClassPathScanningCandidateComponentProvider [main] Identified candidate component class: file [D:\code\spring6\spring6-ioc-annotation\target\classes\github\com\zcg\spring6_ioc_annotation\autowired\dao\UserDaoImpl.class]
2023-02-09 09:13:43,886 DEBUG org.springframework.context.annotation.ClassPathScanningCandidateComponentProvider [main] Identified candidate component class: file [D:\code\spring6\spring6-ioc-annotation\target\classes\github\com\zcg\spring6_ioc_annotation\autowired\dao\UserRedisDaoImpl.class]
2023-02-09 09:13:43,888 DEBUG org.springframework.context.annotation.ClassPathScanningCandidateComponentProvider [main] Identified candidate component class: file [D:\code\spring6\spring6-ioc-annotation\target\classes\github\com\zcg\spring6_ioc_annotation\autowired\service\UserServiceImpl.class]
2023-02-09 09:13:43,888 DEBUG org.springframework.context.annotation.ClassPathScanningCandidateComponentProvider [main] Identified candidate component class: file [D:\code\spring6\spring6-ioc-annotation\target\classes\github\com\zcg\spring6_ioc_annotation\bean\User.class]
2023-02-09 09:13:43,889 DEBUG org.springframework.context.annotation.ClassPathScanningCandidateComponentProvider [main] Identified candidate component class: file [D:\code\spring6\spring6-ioc-annotation\target\classes\github\com\zcg\spring6_ioc_annotation\resource\controller\UserController.class]
2023-02-09 09:13:43,889 DEBUG org.springframework.context.annotation.ClassPathScanningCandidateComponentProvider [main] Identified candidate component class: file [D:\code\spring6\spring6-ioc-annotation\target\classes\github\com\zcg\spring6_ioc_annotation\resource\dao\UserDaoImpl.class]
2023-02-09 09:13:43,890 DEBUG org.springframework.context.annotation.ClassPathScanningCandidateComponentProvider [main] Identified candidate component class: file [D:\code\spring6\spring6-ioc-annotation\target\classes\github\com\zcg\spring6_ioc_annotation\resource\dao\UserRedisDaoImpl.class]
2023-02-09 09:13:43,890 DEBUG org.springframework.context.annotation.ClassPathScanningCandidateComponentProvider [main] Identified candidate component class: file [D:\code\spring6\spring6-ioc-annotation\target\classes\github\com\zcg\spring6_ioc_annotation\resource\service\UserServiceImpl.class]
2023-02-09 09:13:43,914 DEBUG org.springframework.context.annotation.ClassPathScanningCandidateComponentProvider [main] Identified candidate component class: file [D:\code\spring6\spring6-ioc-annotation\target\classes\github\com\zcg\spring6_ioc_annotation\autowired\dao\UserDaoImpl.class]
2023-02-09 09:13:43,915 DEBUG org.springframework.context.annotation.ClassPathScanningCandidateComponentProvider [main] Identified candidate component class: file [D:\code\spring6\spring6-ioc-annotation\target\classes\github\com\zcg\spring6_ioc_annotation\autowired\dao\UserRedisDaoImpl.class]
2023-02-09 09:13:43,915 DEBUG org.springframework.context.annotation.ClassPathScanningCandidateComponentProvider [main] Identified candidate component class: file [D:\code\spring6\spring6-ioc-annotation\target\classes\github\com\zcg\spring6_ioc_annotation\autowired\service\UserServiceImpl.class]
2023-02-09 09:13:43,916 DEBUG org.springframework.context.annotation.ClassPathScanningCandidateComponentProvider [main] Identified candidate component class: file [D:\code\spring6\spring6-ioc-annotation\target\classes\github\com\zcg\spring6_ioc_annotation\bean\User.class]
2023-02-09 09:13:43,916 DEBUG org.springframework.context.annotation.ClassPathScanningCandidateComponentProvider [main] Identified candidate component class: file [D:\code\spring6\spring6-ioc-annotation\target\classes\github\com\zcg\spring6_ioc_annotation\resource\dao\UserDaoImpl.class]
2023-02-09 09:13:43,917 DEBUG org.springframework.context.annotation.ClassPathScanningCandidateComponentProvider [main] Identified candidate component class: file [D:\code\spring6\spring6-ioc-annotation\target\classes\github\com\zcg\spring6_ioc_annotation\resource\dao\UserRedisDaoImpl.class]
2023-02-09 09:13:43,917 DEBUG org.springframework.context.annotation.ClassPathScanningCandidateComponentProvider [main] Identified candidate component class: file [D:\code\spring6\spring6-ioc-annotation\target\classes\github\com\zcg\spring6_ioc_annotation\resource\service\UserServiceImpl.class]
2023-02-09 09:13:43,920 DEBUG org.springframework.beans.factory.xml.XmlBeanDefinitionReader [main] Loaded 14 bean definitions from class path resource [bean.xml]
2023-02-09 09:13:43,940 DEBUG org.springframework.beans.factory.support.DefaultSingletonBeanRegistry [main] Creating shared instance of singleton bean 'org.springframework.context.annotation.internalConfigurationAnnotationProcessor'
2023-02-09 09:13:43,980 DEBUG org.springframework.beans.factory.support.DefaultSingletonBeanRegistry [main] Creating shared instance of singleton bean 'org.springframework.context.event.internalEventListenerProcessor'
2023-02-09 09:13:43,983 DEBUG org.springframework.beans.factory.support.DefaultSingletonBeanRegistry [main] Creating shared instance of singleton bean 'org.springframework.context.event.internalEventListenerFactory'
2023-02-09 09:13:43,984 DEBUG org.springframework.beans.factory.support.DefaultSingletonBeanRegistry [main] Creating shared instance of singleton bean 'org.springframework.context.annotation.internalAutowiredAnnotationProcessor'
2023-02-09 09:13:43,986 DEBUG org.springframework.beans.factory.support.DefaultSingletonBeanRegistry [main] Creating shared instance of singleton bean 'org.springframework.context.annotation.internalCommonAnnotationProcessor'
2023-02-09 09:13:43,995 DEBUG org.springframework.beans.factory.support.DefaultSingletonBeanRegistry [main] Creating shared instance of singleton bean 'userController'
2023-02-09 09:13:44,002 WARN org.springframework.core.LocalVariableTableParameterNameDiscoverer [main] Using deprecated '-debug' fallback for parameter name resolution. Compile the affected code with '-parameters' instead or avoid its introspection: github.com.zcg.spring6_ioc_annotation.autowired.controller.UserController
2023-02-09 09:13:44,008 DEBUG org.springframework.beans.factory.support.DefaultSingletonBeanRegistry [main] Creating shared instance of singleton bean 'userServiceImpl'
2023-02-09 09:13:44,020 DEBUG org.springframework.beans.factory.support.DefaultSingletonBeanRegistry [main] Creating shared instance of singleton bean 'userRedisDaoImpl'
2023-02-09 09:13:44,022 DEBUG org.springframework.beans.factory.support.ConstructorResolver [main] Autowiring by type from bean name 'userController' via constructor to bean named 'userServiceImpl'
2023-02-09 09:13:44,023 DEBUG org.springframework.beans.factory.support.DefaultSingletonBeanRegistry [main] Creating shared instance of singleton bean 'userDaoImpl'
2023-02-09 09:13:44,024 DEBUG org.springframework.beans.factory.support.DefaultSingletonBeanRegistry [main] Creating shared instance of singleton bean 'user'
2023-02-09 09:13:44,026 DEBUG org.springframework.beans.factory.support.DefaultSingletonBeanRegistry [main] Creating shared instance of singleton bean 'myUserController'
2023-02-09 09:13:44,030 DEBUG org.springframework.beans.factory.support.DefaultSingletonBeanRegistry [main] Creating shared instance of singleton bean 'myUserService'
2023-02-09 09:13:44,031 DEBUG org.springframework.beans.factory.support.DefaultSingletonBeanRegistry [main] Creating shared instance of singleton bean 'myUserDao'
2023-02-09 09:13:44,032 DEBUG org.springframework.beans.factory.support.DefaultSingletonBeanRegistry [main] Creating shared instance of singleton bean 'myUserRedisDao'
2023-02-09 09:13:44,047 INFO github.com.zcg.spring6_ioc_annotation.bean.test.TestController [main] 执行成功
2023-02-09 10:59:03,861 DEBUG org.springframework.context.support.AbstractApplicationContext [main] Refreshing org.springframework.context.annotation.AnnotationConfigApplicationContext@75f95314
2023-02-09 10:59:03,877 DEBUG org.springframework.beans.factory.support.DefaultSingletonBeanRegistry [main] Creating shared instance of singleton bean 'org.springframework.context.annotation.internalConfigurationAnnotationProcessor'
2023-02-09 10:59:03,944 DEBUG org.springframework.context.annotation.ClassPathScanningCandidateComponentProvider [main] Identified candidate component class: file [D:\code\spring6\spring6-ioc-annotation\target\classes\github\com\zcg\spring6_ioc_annotation\autowired\controller\UserController.class]
2023-02-09 10:59:03,946 DEBUG org.springframework.context.annotation.ClassPathScanningCandidateComponentProvider [main] Identified candidate component class: file [D:\code\spring6\spring6-ioc-annotation\target\classes\github\com\zcg\spring6_ioc_annotation\autowired\dao\UserDaoImpl.class]
2023-02-09 10:59:03,947 DEBUG org.springframework.context.annotation.ClassPathScanningCandidateComponentProvider [main] Identified candidate component class: file [D:\code\spring6\spring6-ioc-annotation\target\classes\github\com\zcg\spring6_ioc_annotation\autowired\dao\UserRedisDaoImpl.class]
2023-02-09 10:59:03,948 DEBUG org.springframework.context.annotation.ClassPathScanningCandidateComponentProvider [main] Identified candidate component class: file [D:\code\spring6\spring6-ioc-annotation\target\classes\github\com\zcg\spring6_ioc_annotation\autowired\service\UserServiceImpl.class]
2023-02-09 10:59:03,949 DEBUG org.springframework.context.annotation.ClassPathScanningCandidateComponentProvider [main] Identified candidate component class: file [D:\code\spring6\spring6-ioc-annotation\target\classes\github\com\zcg\spring6_ioc_annotation\bean\User.class]
2023-02-09 10:59:03,950 DEBUG org.springframework.context.annotation.ClassPathScanningCandidateComponentProvider [main] Identified candidate component class: file [D:\code\spring6\spring6-ioc-annotation\target\classes\github\com\zcg\spring6_ioc_annotation\resource\controller\UserController.class]
2023-02-09 10:59:03,951 DEBUG org.springframework.context.annotation.ClassPathScanningCandidateComponentProvider [main] Identified candidate component class: file [D:\code\spring6\spring6-ioc-annotation\target\classes\github\com\zcg\spring6_ioc_annotation\resource\dao\UserDaoImpl.class]
2023-02-09 10:59:03,952 DEBUG org.springframework.context.annotation.ClassPathScanningCandidateComponentProvider [main] Identified candidate component class: file [D:\code\spring6\spring6-ioc-annotation\target\classes\github\com\zcg\spring6_ioc_annotation\resource\dao\UserRedisDaoImpl.class]
2023-02-09 10:59:03,953 DEBUG org.springframework.context.annotation.ClassPathScanningCandidateComponentProvider [main] Identified candidate component class: file [D:\code\spring6\spring6-ioc-annotation\target\classes\github\com\zcg\spring6_ioc_annotation\resource\service\UserServiceImpl.class]
2023-02-09 10:59:04,036 DEBUG org.springframework.beans.factory.support.DefaultSingletonBeanRegistry [main] Creating shared instance of singleton bean 'org.springframework.context.event.internalEventListenerProcessor'
2023-02-09 10:59:04,039 DEBUG org.springframework.beans.factory.support.DefaultSingletonBeanRegistry [main] Creating shared instance of singleton bean 'org.springframework.context.event.internalEventListenerFactory'
2023-02-09 10:59:04,040 DEBUG org.springframework.beans.factory.support.DefaultSingletonBeanRegistry [main] Creating shared instance of singleton bean 'org.springframework.context.annotation.internalAutowiredAnnotationProcessor'
2023-02-09 10:59:04,042 DEBUG org.springframework.beans.factory.support.DefaultSingletonBeanRegistry [main] Creating shared instance of singleton bean 'org.springframework.context.annotation.internalCommonAnnotationProcessor'
2023-02-09 10:59:04,048 DEBUG org.springframework.beans.factory.support.DefaultSingletonBeanRegistry [main] Creating shared instance of singleton bean 'springConfig'
2023-02-09 10:59:04,052 DEBUG org.springframework.beans.factory.support.DefaultSingletonBeanRegistry [main] Creating shared instance of singleton bean 'userController'
2023-02-09 10:59:04,058 WARN org.springframework.core.LocalVariableTableParameterNameDiscoverer [main] Using deprecated '-debug' fallback for parameter name resolution. Compile the affected code with '-parameters' instead or avoid its introspection: github.com.zcg.spring6_ioc_annotation.autowired.controller.UserController
2023-02-09 10:59:04,063 DEBUG org.springframework.beans.factory.support.DefaultSingletonBeanRegistry [main] Creating shared instance of singleton bean 'userServiceImpl'
2023-02-09 10:59:04,071 DEBUG org.springframework.beans.factory.support.DefaultSingletonBeanRegistry [main] Creating shared instance of singleton bean 'userRedisDaoImpl'
2023-02-09 10:59:04,073 DEBUG org.springframework.beans.factory.support.ConstructorResolver [main] Autowiring by type from bean name 'userController' via constructor to bean named 'userServiceImpl'
2023-02-09 10:59:04,075 DEBUG org.springframework.beans.factory.support.DefaultSingletonBeanRegistry [main] Creating shared instance of singleton bean 'userDaoImpl'
2023-02-09 10:59:04,076 DEBUG org.springframework.beans.factory.support.DefaultSingletonBeanRegistry [main] Creating shared instance of singleton bean 'user'
2023-02-09 10:59:04,077 DEBUG org.springframework.beans.factory.support.DefaultSingletonBeanRegistry [main] Creating shared instance of singleton bean 'myUserController'
2023-02-09 10:59:04,083 DEBUG org.springframework.beans.factory.support.DefaultSingletonBeanRegistry [main] Creating shared instance of singleton bean 'myUserService'
2023-02-09 10:59:04,085 DEBUG org.springframework.beans.factory.support.DefaultSingletonBeanRegistry [main] Creating shared instance of singleton bean 'myUserDao'
2023-02-09 10:59:04,086 DEBUG org.springframework.beans.factory.support.DefaultSingletonBeanRegistry [main] Creating shared instance of singleton bean 'myUserRedisDao'
2023-02-09 10:59:04,103 INFO github.com.zcg.spring6_ioc_annotation.bean.test.TestController [main] 执行成功
